#
# There is insufficient memory for the Java Runtime Environment to continue.
# Native memory allocation (mmap) failed to map 99614720 bytes for Failed to commit area from 0x0000000091800000 to 0x0000000097700000 of length 99614720.
# Possible reasons:
#   The system is out of physical RAM or swap space
#   The process is running with CompressedOops enabled, and the Java Heap may be blocking the growth of the native heap
# Possible solutions:
#   Reduce memory load on the system
#   Increase physical memory or swap space
#   Check if swap backing store is full
#   Decrease Java heap size (-Xmx/-Xms)
#   Decrease number of Java threads
#   Decrease Java thread stack sizes (-Xss)
#   Set larger code cache with -XX:ReservedCodeCacheSize=
#   JVM is running with Unscaled Compressed Oops mode in which the Java heap is
#     placed in the first 4GB address space. The Java Heap base address is the
#     maximum limit for the native heap growth. Please use -XX:HeapBaseMinAddress
#     to set the Java Heap base and to place the Java Heap above 4GB virtual address.
# This output file may be truncated or incomplete.
#
#  Out of Memory Error (./src/hotspot/os/windows/os_windows.cpp:3619), pid=11296, tid=5412
#
# JRE version: OpenJDK Runtime Environment (11.0.13) (build 11.0.13+0-b1751.21-8125866)
# Java VM: OpenJDK 64-Bit Server VM (11.0.13+0-b1751.21-8125866, mixed mode, tiered, compressed oops, g1 gc, windows-amd64)
# No core dump will be written. Minidumps are not enabled by default on client versions of Windows
#

---------------  S U M M A R Y ------------

Command Line: --add-opens=java.base/java.util=ALL-UNNAMED --add-opens=java.base/java.lang=ALL-UNNAMED --add-opens=java.base/java.lang.invoke=ALL-UNNAMED --add-opens=java.base/java.util=ALL-UNNAMED --add-opens=java.prefs/java.util.prefs=ALL-UNNAMED --add-opens=java.prefs/java.util.prefs=ALL-UNNAMED --add-opens=java.base/java.nio.charset=ALL-UNNAMED --add-opens=java.base/java.net=ALL-UNNAMED --add-opens=java.base/java.util.concurrent.atomic=ALL-UNNAMED -Xmx2048m -Dfile.encoding=UTF-8 -Duser.country=US -Duser.language=en -Duser.variant org.gradle.launcher.daemon.bootstrap.GradleDaemon 7.3.3

Host: Intel(R) Core(TM) i3-9100 CPU @ 3.60GHz, 4 cores, 11G,  Windows 10 , 64 bit Build 19041 (10.0.19041.2364)
Time: Tue Dec 27 16:57:25 2022 India Standard Time elapsed time: 326.123222 seconds (0d 0h 5m 26s)

---------------  T H R E A D  ---------------

Current thread (0x000001f61f229800):  VMThread "VM Thread" [stack: 0x00000082c0600000,0x00000082c0700000] [id=5412]

Stack: [0x00000082c0600000,0x00000082c0700000]
[error occurred during error reporting (printing stack bounds), id 0xc0000005, EXCEPTION_ACCESS_VIOLATION (0xc0000005) at pc=0x000001f6088d112d]

Native frames: (J=compiled Java code, j=interpreted, Vv=VM code, C=native code)
V  [jvm.dll+0x6100fa]
V  [jvm.dll+0x747090]
V  [jvm.dll+0x7486ad]
V  [jvm.dll+0x748ce5]
V  [jvm.dll+0x748c9b]
V  [jvm.dll+0x60f224]
V  [jvm.dll+0x60f9b8]
C  [ntdll.dll+0xa241f]
C  [ntdll.dll+0x514a4]
C  [ntdll.dll+0xa0f4e]
C  0x000001f6088d112d

VM_Operation (0x00000082c67f92b0): G1CollectForAllocation, mode: safepoint, requested by thread 0x000001f629cb5800


---------------  P R O C E S S  ---------------

Threads class SMR info:
_java_thread_list=0x000001f621fee4f0, length=94, elements={
0x000001f604db5000, 0x000001f61f22d000, 0x000001f61f236000, 0x000001f61f28b800,
0x000001f61f28e000, 0x000001f61f292000, 0x000001f61f297000, 0x000001f61f298000,
0x000001f61f299800, 0x000001f61f40b800, 0x000001f62166d000, 0x000001f61f716800,
0x000001f621f3d000, 0x000001f621966000, 0x000001f621966800, 0x000001f62196c800,
0x000001f621968000, 0x000001f62196a000, 0x000001f622dcb000, 0x000001f622dce800,
0x000001f622dd0000, 0x000001f622dcc800, 0x000001f622dca800, 0x000001f62641b000,
0x000001f62641a800, 0x000001f6206c9800, 0x000001f6206c6800, 0x000001f6206ca800,
0x000001f6206c8000, 0x000001f6206c9000, 0x000001f6206c5000, 0x000001f6206cb800,
0x000001f6206c5800, 0x000001f6206cd800, 0x000001f6206d0000, 0x000001f6206cd000,
0x000001f6206d1000, 0x000001f6206ce800, 0x000001f624dd4000, 0x000001f6206d2000,
0x000001f6206cf800, 0x000001f6206cc000, 0x000001f6206d2800, 0x000001f6206d3800,
0x000001f626413000, 0x000001f626411800, 0x000001f626414800, 0x000001f62640f800,
0x000001f626414000, 0x000001f62640f000, 0x000001f626416800, 0x000001f626415800,
0x000001f626412000, 0x000001f626410800, 0x000001f626417000, 0x000001f62641c000,
0x000001f626418800, 0x000001f62641d800, 0x000001f62641d000, 0x000001f626419800,
0x000001f622dd1000, 0x000001f622dd1800, 0x000001f622dd2800, 0x000001f622dd3800,
0x000001f622dcf000, 0x000001f622dcd800, 0x000001f622dd4000, 0x000001f622dd5800,
0x000001f622dd8000, 0x000001f622dd7800, 0x000001f622dd5000, 0x000001f622dd6800,
0x000001f622dd9000, 0x000001f621969000, 0x000001f62196a800, 0x000001f62196b800,
0x000001f621967800, 0x000001f6291b1800, 0x000001f6291af000, 0x000001f6291b2800,
0x000001f6291b3000, 0x000001f6291b4000, 0x000001f6291b0800, 0x000001f6291b5000,
0x000001f6291b0000, 0x000001f629cac800, 0x000001f629cb1000, 0x000001f629cad000,
0x000001f629cb3800, 0x000001f629cae800, 0x000001f629cb4800, 0x000001f629cb5800,
0x000001f629caf800, 0x000001f629cb6000
}

Java Threads: ( => current thread )
  0x000001f604db5000 JavaThread "main" [_thread_blocked, id=2680, stack(0x00000082c0000000,0x00000082c0100000)]
  0x000001f61f22d000 JavaThread "Reference Handler" daemon [_thread_blocked, id=4548, stack(0x00000082c0700000,0x00000082c0800000)]
  0x000001f61f236000 JavaThread "Finalizer" daemon [_thread_blocked, id=5052, stack(0x00000082c0800000,0x00000082c0900000)]
  0x000001f61f28b800 JavaThread "Signal Dispatcher" daemon [_thread_blocked, id=12832, stack(0x00000082c0900000,0x00000082c0a00000)]
  0x000001f61f28e000 JavaThread "Attach Listener" daemon [_thread_blocked, id=7464, stack(0x00000082c0a00000,0x00000082c0b00000)]
  0x000001f61f292000 JavaThread "Service Thread" daemon [_thread_blocked, id=12444, stack(0x00000082c0b00000,0x00000082c0c00000)]
  0x000001f61f297000 JavaThread "C2 CompilerThread0" daemon [_thread_in_native, id=11976, stack(0x00000082c0c00000,0x00000082c0d00000)]
  0x000001f61f298000 JavaThread "C1 CompilerThread0" daemon [_thread_blocked, id=6032, stack(0x00000082c0d00000,0x00000082c0e00000)]
  0x000001f61f299800 JavaThread "Sweeper thread" daemon [_thread_blocked, id=5856, stack(0x00000082c0e00000,0x00000082c0f00000)]
  0x000001f61f40b800 JavaThread "Common-Cleaner" daemon [_thread_blocked, id=3312, stack(0x00000082c0f00000,0x00000082c1000000)]
  0x000001f62166d000 JavaThread "Daemon health stats" [_thread_blocked, id=12040, stack(0x00000082c1500000,0x00000082c1600000)]
  0x000001f61f716800 JavaThread "Incoming local TCP Connector on port 57472" [_thread_in_native, id=12636, stack(0x00000082c1100000,0x00000082c1200000)]
  0x000001f621f3d000 JavaThread "Daemon periodic checks" [_thread_blocked, id=11048, stack(0x00000082c1600000,0x00000082c1700000)]
  0x000001f621966000 JavaThread "Cache worker for journal cache (C:\Users\hp\.gradle\caches\journal-1)" [_thread_blocked, id=10576, stack(0x00000082c1e00000,0x00000082c1f00000)]
  0x000001f621966800 JavaThread "File lock request listener" [_thread_in_native, id=4412, stack(0x00000082c1f00000,0x00000082c2000000)]
  0x000001f62196c800 JavaThread "Cache worker for file hash cache (C:\Users\hp\.gradle\caches\7.3.3\fileHashes)" [_thread_blocked, id=12800, stack(0x00000082c2000000,0x00000082c2100000)]
  0x000001f621968000 JavaThread "File watcher server" daemon [_thread_blocked, id=6676, stack(0x00000082c2300000,0x00000082c2400000)]
  0x000001f62196a000 JavaThread "File watcher consumer" daemon [_thread_blocked, id=7832, stack(0x00000082c2400000,0x00000082c2500000)]
  0x000001f622dcb000 JavaThread "Cache worker for execution history cache (C:\Users\hp\.gradle\caches\7.3.3\executionHistory)" [_thread_blocked, id=5716, stack(0x00000082c2800000,0x00000082c2900000)]
  0x000001f622dce800 JavaThread "jar transforms" [_thread_blocked, id=8124, stack(0x00000082c2900000,0x00000082c2a00000)]
  0x000001f622dd0000 JavaThread "Cache worker for file content cache (C:\Users\hp\.gradle\caches\7.3.3\fileContent)" [_thread_blocked, id=5784, stack(0x00000082c2a00000,0x00000082c2b00000)]
  0x000001f622dcc800 JavaThread "jar transforms Thread 2" [_thread_blocked, id=1272, stack(0x00000082c2b00000,0x00000082c2c00000)]
  0x000001f622dca800 JavaThread "jar transforms Thread 3" [_thread_blocked, id=12412, stack(0x00000082c2d00000,0x00000082c2e00000)]
  0x000001f62641b000 JavaThread "jar transforms Thread 4" [_thread_blocked, id=4544, stack(0x00000082c5700000,0x00000082c5800000)]
  0x000001f62641a800 JavaThread "Memory manager" [_thread_blocked, id=1432, stack(0x00000082c5800000,0x00000082c5900000)]
  0x000001f6206c9800 JavaThread "Daemon Thread 2" [_thread_blocked, id=8536, stack(0x00000082bff00000,0x00000082c0000000)]
  0x000001f6206c6800 JavaThread "Handler for socket connection from /127.0.0.1:57472 to /127.0.0.1:57576" [_thread_in_native, id=12668, stack(0x00000082c1700000,0x00000082c1800000)]
  0x000001f6206ca800 JavaThread "Cancel handler" [_thread_blocked, id=4576, stack(0x00000082c1800000,0x00000082c1900000)]
  0x000001f6206c8000 JavaThread "Daemon worker Thread 2" [_thread_blocked, id=12420, stack(0x00000082c1900000,0x00000082c1a00000)]
  0x000001f6206c9000 JavaThread "Asynchronous log dispatcher for DefaultDaemonConnection: socket connection from /127.0.0.1:57472 to /127.0.0.1:57576" [_thread_blocked, id=1940, stack(0x00000082c1a00000,0x00000082c1b00000)]
  0x000001f6206c5000 JavaThread "Stdin handler" [_thread_blocked, id=13200, stack(0x00000082c1b00000,0x00000082c1c00000)]
  0x000001f6206cb800 JavaThread "Daemon client event forwarder" [_thread_blocked, id=6516, stack(0x00000082c1c00000,0x00000082c1d00000)]
  0x000001f6206c5800 JavaThread "Cache worker for file hash cache (C:\Users\hp\Documents\Downloads\TSFC2512\TSFC2512\.gradle\7.3.3\fileHashes)" [_thread_blocked, id=5356, stack(0x00000082c1d00000,0x00000082c1e00000)]
  0x000001f6206cd800 JavaThread "Cache worker for checksums cache (C:\Users\hp\Documents\Downloads\TSFC2512\TSFC2512\.gradle\7.3.3\checksums)" [_thread_blocked, id=11712, stack(0x00000082c2100000,0x00000082c2200000)]
  0x000001f6206d0000 JavaThread "Cache worker for cache directory md-supplier (C:\Users\hp\.gradle\caches\7.3.3\md-supplier)" [_thread_blocked, id=4476, stack(0x00000082c2200000,0x00000082c2300000)]
  0x000001f6206cd000 JavaThread "Cache worker for cache directory md-rule (C:\Users\hp\.gradle\caches\7.3.3\md-rule)" [_thread_blocked, id=13152, stack(0x00000082c2500000,0x00000082c2600000)]
  0x000001f6206d1000 JavaThread "Cache worker for dependencies-accessors (C:\Users\hp\Documents\Downloads\TSFC2512\TSFC2512\.gradle\7.3.3\dependencies-accessors)" [_thread_blocked, id=4072, stack(0x00000082c2600000,0x00000082c2700000)]
  0x000001f6206ce800 JavaThread "Cache worker for Build Output Cleanup Cache (C:\Users\hp\Documents\Downloads\TSFC2512\TSFC2512\.gradle\buildOutputCleanup)" [_thread_blocked, id=6356, stack(0x00000082c2700000,0x00000082c2800000)]
  0x000001f624dd4000 JavaThread "C2 CompilerThread1" daemon [_thread_in_native, id=11804, stack(0x00000082c2c00000,0x00000082c2d00000)]
  0x000001f6206d2000 JavaThread "Unconstrained build operations" [_thread_blocked, id=9600, stack(0x00000082c2e00000,0x00000082c2f00000)]
  0x000001f6206cf800 JavaThread "Unconstrained build operations Thread 2" [_thread_blocked, id=12448, stack(0x00000082c2f00000,0x00000082c3000000)]
  0x000001f6206cc000 JavaThread "Unconstrained build operations Thread 3" [_thread_blocked, id=13060, stack(0x00000082c3000000,0x00000082c3100000)]
  0x000001f6206d2800 JavaThread "Unconstrained build operations Thread 4" [_thread_blocked, id=9296, stack(0x00000082c3100000,0x00000082c3200000)]
  0x000001f6206d3800 JavaThread "Unconstrained build operations Thread 5" [_thread_blocked, id=10316, stack(0x00000082c3200000,0x00000082c3300000)]
  0x000001f626413000 JavaThread "Unconstrained build operations Thread 6" [_thread_blocked, id=3220, stack(0x00000082c3300000,0x00000082c3400000)]
  0x000001f626411800 JavaThread "Unconstrained build operations Thread 7" [_thread_blocked, id=2308, stack(0x00000082c3400000,0x00000082c3500000)]
  0x000001f626414800 JavaThread "Unconstrained build operations Thread 8" [_thread_blocked, id=6888, stack(0x00000082c3500000,0x00000082c3600000)]
  0x000001f62640f800 JavaThread "Unconstrained build operations Thread 9" [_thread_blocked, id=12728, stack(0x00000082c3600000,0x00000082c3700000)]
  0x000001f626414000 JavaThread "Unconstrained build operations Thread 10" [_thread_blocked, id=7808, stack(0x00000082c3700000,0x00000082c3800000)]
  0x000001f62640f000 JavaThread "Unconstrained build operations Thread 11" [_thread_blocked, id=13096, stack(0x00000082c3800000,0x00000082c3900000)]
  0x000001f626416800 JavaThread "Unconstrained build operations Thread 12" [_thread_blocked, id=6148, stack(0x00000082c3900000,0x00000082c3a00000)]
  0x000001f626415800 JavaThread "Unconstrained build operations Thread 13" [_thread_blocked, id=10016, stack(0x00000082c3a00000,0x00000082c3b00000)]
  0x000001f626412000 JavaThread "Unconstrained build operations Thread 14" [_thread_blocked, id=11252, stack(0x00000082c3b00000,0x00000082c3c00000)]
  0x000001f626410800 JavaThread "Unconstrained build operations Thread 15" [_thread_blocked, id=3284, stack(0x00000082c3c00000,0x00000082c3d00000)]
  0x000001f626417000 JavaThread "Unconstrained build operations Thread 16" [_thread_blocked, id=1732, stack(0x00000082c3d00000,0x00000082c3e00000)]
  0x000001f62641c000 JavaThread "Unconstrained build operations Thread 17" [_thread_blocked, id=2824, stack(0x00000082c3e00000,0x00000082c3f00000)]
  0x000001f626418800 JavaThread "Unconstrained build operations Thread 18" [_thread_blocked, id=10296, stack(0x00000082c3f00000,0x00000082c4000000)]
  0x000001f62641d800 JavaThread "Unconstrained build operations Thread 19" [_thread_blocked, id=11076, stack(0x00000082c4000000,0x00000082c4100000)]
  0x000001f62641d000 JavaThread "Unconstrained build operations Thread 20" [_thread_blocked, id=12128, stack(0x00000082c4100000,0x00000082c4200000)]
  0x000001f626419800 JavaThread "Unconstrained build operations Thread 21" [_thread_blocked, id=5344, stack(0x00000082c4200000,0x00000082c4300000)]
  0x000001f622dd1000 JavaThread "Unconstrained build operations Thread 22" [_thread_blocked, id=1232, stack(0x00000082c4300000,0x00000082c4400000)]
  0x000001f622dd1800 JavaThread "Unconstrained build operations Thread 23" [_thread_blocked, id=2664, stack(0x00000082c4400000,0x00000082c4500000)]
  0x000001f622dd2800 JavaThread "Unconstrained build operations Thread 24" [_thread_blocked, id=12136, stack(0x00000082c4500000,0x00000082c4600000)]
  0x000001f622dd3800 JavaThread "Unconstrained build operations Thread 25" [_thread_blocked, id=2988, stack(0x00000082c4600000,0x00000082c4700000)]
  0x000001f622dcf000 JavaThread "Unconstrained build operations Thread 26" [_thread_blocked, id=72, stack(0x00000082c4700000,0x00000082c4800000)]
  0x000001f622dcd800 JavaThread "Unconstrained build operations Thread 27" [_thread_blocked, id=2944, stack(0x00000082c4800000,0x00000082c4900000)]
  0x000001f622dd4000 JavaThread "Unconstrained build operations Thread 28" [_thread_blocked, id=8148, stack(0x00000082c4900000,0x00000082c4a00000)]
  0x000001f622dd5800 JavaThread "Unconstrained build operations Thread 29" [_thread_blocked, id=7616, stack(0x00000082c4a00000,0x00000082c4b00000)]
  0x000001f622dd8000 JavaThread "Unconstrained build operations Thread 30" [_thread_blocked, id=4200, stack(0x00000082c4b00000,0x00000082c4c00000)]
  0x000001f622dd7800 JavaThread "Unconstrained build operations Thread 31" [_thread_blocked, id=10624, stack(0x00000082c4c00000,0x00000082c4d00000)]
  0x000001f622dd5000 JavaThread "Unconstrained build operations Thread 32" [_thread_blocked, id=388, stack(0x00000082c4d00000,0x00000082c4e00000)]
  0x000001f622dd6800 JavaThread "Unconstrained build operations Thread 33" [_thread_blocked, id=3716, stack(0x00000082c4e00000,0x00000082c4f00000)]
  0x000001f622dd9000 JavaThread "Unconstrained build operations Thread 34" [_thread_blocked, id=12880, stack(0x00000082c4f00000,0x00000082c5000000)]
  0x000001f621969000 JavaThread "Unconstrained build operations Thread 35" [_thread_blocked, id=8728, stack(0x00000082c5000000,0x00000082c5100000)]
  0x000001f62196a800 JavaThread "Unconstrained build operations Thread 36" [_thread_blocked, id=7812, stack(0x00000082c5100000,0x00000082c5200000)]
  0x000001f62196b800 JavaThread "Unconstrained build operations Thread 37" [_thread_blocked, id=13080, stack(0x00000082c5200000,0x00000082c5300000)]
  0x000001f621967800 JavaThread "Unconstrained build operations Thread 38" [_thread_blocked, id=2300, stack(0x00000082c5300000,0x00000082c5400000)]
  0x000001f6291b1800 JavaThread "Unconstrained build operations Thread 39" [_thread_blocked, id=13064, stack(0x00000082c5400000,0x00000082c5500000)]
  0x000001f6291af000 JavaThread "Unconstrained build operations Thread 40" [_thread_blocked, id=3684, stack(0x00000082c5500000,0x00000082c5600000)]
  0x000001f6291b2800 JavaThread "build event listener" [_thread_blocked, id=5400, stack(0x00000082c5600000,0x00000082c5700000)]
  0x000001f6291b3000 JavaThread "Execution worker for ':'" [_thread_blocked, id=384, stack(0x00000082c5900000,0x00000082c5a00000)]
  0x000001f6291b4000 JavaThread "Execution worker for ':' Thread 2" [_thread_blocked, id=3396, stack(0x00000082c5a00000,0x00000082c5b00000)]
  0x000001f6291b0800 JavaThread "Execution worker for ':' Thread 3" [_thread_blocked, id=8868, stack(0x00000082c5b00000,0x00000082c5c00000)]
  0x000001f6291b5000 JavaThread "Cache worker for execution history cache (C:\Users\hp\Documents\Downloads\TSFC2512\TSFC2512\.gradle\7.3.3\executionHistory)" [_thread_blocked, id=1764, stack(0x00000082c5c00000,0x00000082c5d00000)]
  0x000001f6291b0000 JavaThread "Cache worker for Java compile cache (C:\Users\hp\.gradle\caches\7.3.3\javaCompile)" [_thread_blocked, id=12852, stack(0x00000082c5d00000,0x00000082c5e00000)]
  0x000001f629cac800 JavaThread "Build operations" [_thread_blocked, id=3400, stack(0x00000082c5e00000,0x00000082c5f00000)]
  0x000001f629cb1000 JavaThread "Build operations Thread 2" [_thread_blocked, id=9840, stack(0x00000082c5f00000,0x00000082c6000000)]
  0x000001f629cad000 JavaThread "Build operations Thread 3" [_thread_blocked, id=6324, stack(0x00000082c6000000,0x00000082c6100000)]
  0x000001f629cb3800 JavaThread "Build operations Thread 4" [_thread_blocked, id=9744, stack(0x00000082c6100000,0x00000082c6200000)]
  0x000001f629cae800 JavaThread "WorkerExecutor Queue" [_thread_blocked, id=9336, stack(0x00000082c6500000,0x00000082c6600000)]
  0x000001f629cb4800 JavaThread "WorkerExecutor Queue Thread 2" [_thread_blocked, id=12864, stack(0x00000082c6600000,0x00000082c6700000)]
  0x000001f629cb5800 JavaThread "WorkerExecutor Queue Thread 3" [_thread_blocked, id=3936, stack(0x00000082c6700000,0x00000082c6800000)]
  0x000001f629caf800 JavaThread "WorkerExecutor Queue Thread 4" [_thread_blocked, id=3100, stack(0x00000082c6800000,0x00000082c6900000)]
  0x000001f629cb6000 JavaThread "WorkerExecutor Queue Thread 5" [_thread_blocked, id=12200, stack(0x00000082c6900000,0x00000082c6a00000)]

Other Threads:
=>0x000001f61f229800 VMThread "VM Thread" [stack: 0x00000082c0600000,0x00000082c0700000] [id=5412]
  0x000001f61f455800 WatcherThread [stack: 0x00000082c1000000,0x00000082c1100000] [id=7936]
  0x000001f604dcf800 GCTaskThread "GC Thread#0" [stack: 0x00000082c0100000,0x00000082c0200000] [id=8904]
  0x000001f6200b4800 GCTaskThread "GC Thread#1" [stack: 0x00000082c1200000,0x00000082c1300000] [id=11484]
  0x000001f61fef8000 GCTaskThread "GC Thread#2" [stack: 0x00000082c1300000,0x00000082c1400000] [id=11228]
  0x000001f61fd70800 GCTaskThread "GC Thread#3" [stack: 0x00000082c1400000,0x00000082c1500000] [id=1624]
  0x000001f604e00000 ConcurrentGCThread "G1 Main Marker" [stack: 0x00000082c0200000,0x00000082c0300000] [id=11648]
  0x000001f604e01800 ConcurrentGCThread "G1 Conc#0" [stack: 0x00000082c0300000,0x00000082c0400000] [id=6668]
  0x000001f61e875800 ConcurrentGCThread "G1 Refine#0" [stack: 0x00000082c0400000,0x00000082c0500000] [id=9716]
  0x000001f620366000 ConcurrentGCThread "G1 Refine#1" [stack: 0x00000082c6200000,0x00000082c6300000] [id=3004]
  0x000001f629b9a000 ConcurrentGCThread "G1 Refine#2" [stack: 0x00000082c6300000,0x00000082c6400000] [id=9392]
  0x000001f62682b800 ConcurrentGCThread "G1 Refine#3" [stack: 0x00000082c6400000,0x00000082c6500000] [id=8808]
  0x000001f61e876000 ConcurrentGCThread "G1 Young RemSet Sampling" [stack: 0x00000082c0500000,0x00000082c0600000] [id=1660]

Threads with active compile tasks:
C2 CompilerThread0 326139 17056 %     4       org.gradle.internal.instantiation.generator.AbstractClassGenerator::inspectType @ 163 (560 bytes)
C2 CompilerThread1 326139 17073       4       org.gradle.api.internal.artifacts.transform.TransformationStep::createInvocation (92 bytes)

VM state:at safepoint (normal execution)

VM Mutex/Monitor currently owned by a thread:  ([mutex/lock_event])
[0x000001f604db0080] Threads_lock - owner thread: 0x000001f61f229800
[0x000001f604dafc00] Heap_lock - owner thread: 0x000001f629cb5800

Heap address: 0x0000000080000000, size: 2048 MB, Compressed Oops mode: 32-bit
Narrow klass base: 0x0000000000000000, Narrow klass shift: 3
Compressed class space size: 1073741824 Address: 0x0000000100000000

Heap:
 garbage-first heap   total 384000K, used 115430K [0x0000000080000000, 0x0000000100000000)
  region size 1024K, 2 young (2048K), 2 survivors (2048K)
 Metaspace       used 116938K, capacity 120343K, committed 120400K, reserved 1153024K
  class space    used 14839K, capacity 16206K, committed 16256K, reserved 1048576K
Heap Regions: E=young(eden), S=young(survivor), O=old, HS=humongous(starts), HC=humongous(continues), CS=collection set, F=free, A=archive, TAMS=top-at-mark-start (previous, next)
|   0|0x0000000080000000, 0x0000000080100000, 0x0000000080100000|100%| O|  |TAMS 0x0000000080100000, 0x0000000080000000| Untracked 
|   1|0x0000000080100000, 0x0000000080200000, 0x0000000080200000|100%| O|  |TAMS 0x0000000080200000, 0x0000000080100000| Untracked 
|   2|0x0000000080200000, 0x0000000080300000, 0x0000000080300000|100%| O|  |TAMS 0x0000000080300000, 0x0000000080200000| Untracked 
|   3|0x0000000080300000, 0x0000000080400000, 0x0000000080400000|100%|HS|  |TAMS 0x0000000080400000, 0x0000000080300000| Complete 
|   4|0x0000000080400000, 0x0000000080500000, 0x0000000080500000|100%|HC|  |TAMS 0x0000000080500000, 0x0000000080400000| Complete 
|   5|0x0000000080500000, 0x0000000080600000, 0x0000000080600000|100%|HC|  |TAMS 0x0000000080600000, 0x0000000080500000| Complete 
|   6|0x0000000080600000, 0x0000000080700000, 0x0000000080700000|100%| O|  |TAMS 0x0000000080700000, 0x0000000080600000| Untracked 
|   7|0x0000000080700000, 0x0000000080800000, 0x0000000080800000|100%| O|  |TAMS 0x0000000080800000, 0x0000000080700000| Untracked 
|   8|0x0000000080800000, 0x0000000080900000, 0x0000000080900000|100%| O|  |TAMS 0x0000000080900000, 0x0000000080800000| Complete 
|   9|0x0000000080900000, 0x0000000080a00000, 0x0000000080a00000|100%| O|  |TAMS 0x0000000080a00000, 0x0000000080900000| Untracked 
|  10|0x0000000080a00000, 0x0000000080b00000, 0x0000000080b00000|100%| O|  |TAMS 0x0000000080b00000, 0x0000000080a00000| Untracked 
|  11|0x0000000080b00000, 0x0000000080c00000, 0x0000000080c00000|100%| O|  |TAMS 0x0000000080c00000, 0x0000000080b00000| Complete 
|  12|0x0000000080c00000, 0x0000000080d00000, 0x0000000080d00000|100%| O|  |TAMS 0x0000000080d00000, 0x0000000080c00000| Untracked 
|  13|0x0000000080d00000, 0x0000000080e00000, 0x0000000080e00000|100%| O|  |TAMS 0x0000000080e00000, 0x0000000080d00000| Untracked 
|  14|0x0000000080e00000, 0x0000000080f00000, 0x0000000080f00000|100%| O|  |TAMS 0x0000000080f00000, 0x0000000080e00000| Untracked 
|  15|0x0000000080f00000, 0x0000000081000000, 0x0000000081000000|100%| O|  |TAMS 0x0000000081000000, 0x0000000080f00000| Untracked 
|  16|0x0000000081000000, 0x0000000081100000, 0x0000000081100000|100%| O|  |TAMS 0x0000000081100000, 0x0000000081000000| Complete 
|  17|0x0000000081100000, 0x0000000081200000, 0x0000000081200000|100%|HS|  |TAMS 0x0000000081200000, 0x0000000081100000| Complete 
|  18|0x0000000081200000, 0x0000000081300000, 0x0000000081300000|100%| O|  |TAMS 0x0000000081300000, 0x0000000081200000| Untracked 
|  19|0x0000000081300000, 0x0000000081400000, 0x0000000081400000|100%| O|  |TAMS 0x0000000081400000, 0x0000000081300000| Untracked 
|  20|0x0000000081400000, 0x0000000081500000, 0x0000000081500000|100%| O|  |TAMS 0x0000000081500000, 0x0000000081400000| Untracked 
|  21|0x0000000081500000, 0x0000000081600000, 0x0000000081600000|100%| O|  |TAMS 0x0000000081600000, 0x0000000081500000| Untracked 
|  22|0x0000000081600000, 0x0000000081700000, 0x0000000081700000|100%| O|  |TAMS 0x0000000081700000, 0x0000000081600000| Untracked 
|  23|0x0000000081700000, 0x0000000081800000, 0x0000000081800000|100%| O|  |TAMS 0x0000000081800000, 0x0000000081700000| Untracked 
|  24|0x0000000081800000, 0x0000000081900000, 0x0000000081900000|100%|HS|  |TAMS 0x0000000081900000, 0x0000000081800000| Complete 
|  25|0x0000000081900000, 0x0000000081a00000, 0x0000000081a00000|100%|HS|  |TAMS 0x0000000081a00000, 0x0000000081900000| Complete 
|  26|0x0000000081a00000, 0x0000000081b00000, 0x0000000081b00000|100%|HC|  |TAMS 0x0000000081b00000, 0x0000000081a00000| Complete 
|  27|0x0000000081b00000, 0x0000000081c00000, 0x0000000081c00000|100%| O|  |TAMS 0x0000000081c00000, 0x0000000081b00000| Untracked 
|  28|0x0000000081c00000, 0x0000000081d00000, 0x0000000081d00000|100%| O|  |TAMS 0x0000000081d00000, 0x0000000081c00000| Untracked 
|  29|0x0000000081d00000, 0x0000000081e00000, 0x0000000081e00000|100%| O|  |TAMS 0x0000000081e00000, 0x0000000081d00000| Untracked 
|  30|0x0000000081e00000, 0x0000000081f00000, 0x0000000081f00000|100%| O|  |TAMS 0x0000000081f00000, 0x0000000081e00000| Untracked 
|  31|0x0000000081f00000, 0x0000000082000000, 0x0000000082000000|100%| O|  |TAMS 0x0000000082000000, 0x0000000081f00000| Complete 
|  32|0x0000000082000000, 0x0000000082100000, 0x0000000082100000|100%| O|  |TAMS 0x0000000082100000, 0x0000000082000000| Untracked 
|  33|0x0000000082100000, 0x0000000082200000, 0x0000000082200000|100%| O|  |TAMS 0x0000000082200000, 0x0000000082100000| Untracked 
|  34|0x0000000082200000, 0x0000000082300000, 0x0000000082300000|100%| O|  |TAMS 0x0000000082300000, 0x0000000082200000| Untracked 
|  35|0x0000000082300000, 0x0000000082400000, 0x0000000082400000|100%| O|  |TAMS 0x0000000082400000, 0x0000000082300000| Untracked 
|  36|0x0000000082400000, 0x0000000082500000, 0x0000000082500000|100%| O|  |TAMS 0x0000000082500000, 0x0000000082400000| Untracked 
|  37|0x0000000082500000, 0x0000000082600000, 0x0000000082600000|100%| O|  |TAMS 0x0000000082600000, 0x0000000082500000| Complete 
|  38|0x0000000082600000, 0x0000000082700000, 0x0000000082700000|100%| O|  |TAMS 0x0000000082700000, 0x0000000082600000| Complete 
|  39|0x0000000082700000, 0x0000000082800000, 0x0000000082800000|100%| O|  |TAMS 0x0000000082800000, 0x0000000082700000| Untracked 
|  40|0x0000000082800000, 0x0000000082900000, 0x0000000082900000|100%| O|  |TAMS 0x0000000082900000, 0x0000000082800000| Complete 
|  41|0x0000000082900000, 0x0000000082a00000, 0x0000000082a00000|100%| O|  |TAMS 0x0000000082a00000, 0x0000000082900000| Untracked 
|  42|0x0000000082a00000, 0x0000000082b00000, 0x0000000082b00000|100%| O|  |TAMS 0x0000000082b00000, 0x0000000082a00000| Complete 
|  43|0x0000000082b00000, 0x0000000082c00000, 0x0000000082c00000|100%| O|  |TAMS 0x0000000082c00000, 0x0000000082b00000| Complete 
|  44|0x0000000082c00000, 0x0000000082d00000, 0x0000000082d00000|100%| O|  |TAMS 0x0000000082d00000, 0x0000000082c00000| Complete 
|  45|0x0000000082d00000, 0x0000000082e00000, 0x0000000082e00000|100%| O|  |TAMS 0x0000000082e00000, 0x0000000082d00000| Untracked 
|  46|0x0000000082e00000, 0x0000000082f00000, 0x0000000082f00000|100%| O|  |TAMS 0x0000000082f00000, 0x0000000082e00000| Untracked 
|  47|0x0000000082f00000, 0x0000000083000000, 0x0000000083000000|100%| O|  |TAMS 0x0000000083000000, 0x0000000082f00000| Untracked 
|  48|0x0000000083000000, 0x0000000083100000, 0x0000000083100000|100%| O|  |TAMS 0x0000000083100000, 0x0000000083000000| Untracked 
|  49|0x0000000083100000, 0x0000000083200000, 0x0000000083200000|100%| O|  |TAMS 0x0000000083200000, 0x0000000083100000| Untracked 
|  50|0x0000000083200000, 0x0000000083300000, 0x0000000083300000|100%| O|  |TAMS 0x0000000083300000, 0x0000000083200000| Untracked 
|  51|0x0000000083300000, 0x0000000083400000, 0x0000000083400000|100%| O|  |TAMS 0x0000000083400000, 0x0000000083300000| Untracked 
|  52|0x0000000083400000, 0x0000000083500000, 0x0000000083500000|100%| O|  |TAMS 0x0000000083500000, 0x0000000083400000| Untracked 
|  53|0x0000000083500000, 0x0000000083600000, 0x0000000083600000|100%| O|  |TAMS 0x0000000083600000, 0x0000000083500000| Complete 
|  54|0x0000000083600000, 0x0000000083700000, 0x0000000083700000|100%| O|  |TAMS 0x0000000083700000, 0x0000000083600000| Complete 
|  55|0x0000000083700000, 0x0000000083800000, 0x0000000083800000|100%| O|  |TAMS 0x0000000083800000, 0x0000000083700000| Complete 
|  56|0x0000000083800000, 0x0000000083900000, 0x0000000083900000|100%| O|  |TAMS 0x0000000083900000, 0x0000000083800000| Complete 
|  57|0x0000000083900000, 0x0000000083a00000, 0x0000000083a00000|100%| O|  |TAMS 0x0000000083a00000, 0x0000000083900000| Complete 
|  58|0x0000000083a00000, 0x0000000083b00000, 0x0000000083b00000|100%| O|  |TAMS 0x0000000083b00000, 0x0000000083a00000| Untracked 
|  59|0x0000000083b00000, 0x0000000083c00000, 0x0000000083c00000|100%| O|  |TAMS 0x0000000083c00000, 0x0000000083b00000| Untracked 
|  60|0x0000000083c00000, 0x0000000083d00000, 0x0000000083d00000|100%| O|  |TAMS 0x0000000083d00000, 0x0000000083c00000| Complete 
|  61|0x0000000083d00000, 0x0000000083e00000, 0x0000000083e00000|100%| O|  |TAMS 0x0000000083e00000, 0x0000000083d00000| Complete 
|  62|0x0000000083e00000, 0x0000000083e00000, 0x0000000083f00000|  0%| F|  |TAMS 0x0000000083e00000, 0x0000000083e00000| Untracked 
|  63|0x0000000083f00000, 0x0000000084000000, 0x0000000084000000|100%| O|  |TAMS 0x0000000084000000, 0x0000000083f00000| Complete 
|  64|0x0000000084000000, 0x0000000084100000, 0x0000000084100000|100%| O|  |TAMS 0x0000000084100000, 0x0000000084000000| Complete 
|  65|0x0000000084100000, 0x0000000084200000, 0x0000000084200000|100%| O|  |TAMS 0x0000000084200000, 0x0000000084100000| Complete 
|  66|0x0000000084200000, 0x0000000084300000, 0x0000000084300000|100%| O|  |TAMS 0x0000000084300000, 0x0000000084200000| Complete 
|  67|0x0000000084300000, 0x0000000084400000, 0x0000000084400000|100%| O|  |TAMS 0x0000000084400000, 0x0000000084300000| Untracked 
|  68|0x0000000084400000, 0x0000000084500000, 0x0000000084500000|100%| O|  |TAMS 0x0000000084500000, 0x0000000084400000| Untracked 
|  69|0x0000000084500000, 0x0000000084600000, 0x0000000084600000|100%| O|  |TAMS 0x0000000084600000, 0x0000000084500000| Untracked 
|  70|0x0000000084600000, 0x0000000084700000, 0x0000000084700000|100%| O|  |TAMS 0x0000000084700000, 0x0000000084600000| Complete 
|  71|0x0000000084700000, 0x0000000084800000, 0x0000000084800000|100%| O|  |TAMS 0x0000000084800000, 0x0000000084700000| Untracked 
|  72|0x0000000084800000, 0x0000000084900000, 0x0000000084900000|100%| O|  |TAMS 0x0000000084900000, 0x0000000084800000| Untracked 
|  73|0x0000000084900000, 0x0000000084a00000, 0x0000000084a00000|100%| O|  |TAMS 0x0000000084a00000, 0x0000000084900000| Untracked 
|  74|0x0000000084a00000, 0x0000000084b00000, 0x0000000084b00000|100%| O|  |TAMS 0x0000000084b00000, 0x0000000084a00000| Complete 
|  75|0x0000000084b00000, 0x0000000084c00000, 0x0000000084c00000|100%| O|  |TAMS 0x0000000084c00000, 0x0000000084b00000| Complete 
|  76|0x0000000084c00000, 0x0000000084d00000, 0x0000000084d00000|100%| O|  |TAMS 0x0000000084d00000, 0x0000000084c00000| Complete 
|  77|0x0000000084d00000, 0x0000000084e00000, 0x0000000084e00000|100%| O|  |TAMS 0x0000000084dd8a00, 0x0000000084d00000| Untracked 
|  78|0x0000000084e00000, 0x0000000084f00000, 0x0000000084f00000|100%| O|  |TAMS 0x0000000084f00000, 0x0000000084e00000| Complete 
|  79|0x0000000084f00000, 0x0000000085000000, 0x0000000085000000|100%| O|  |TAMS 0x0000000085000000, 0x0000000084f00000| Complete 
|  80|0x0000000085000000, 0x0000000085100000, 0x0000000085100000|100%| O|  |TAMS 0x0000000085100000, 0x0000000085000000| Untracked 
|  81|0x0000000085100000, 0x0000000085200000, 0x0000000085200000|100%| O|  |TAMS 0x0000000085200000, 0x0000000085100000| Complete 
|  82|0x0000000085200000, 0x0000000085300000, 0x0000000085300000|100%| O|  |TAMS 0x0000000085300000, 0x0000000085200000| Complete 
|  83|0x0000000085300000, 0x0000000085400000, 0x0000000085400000|100%| O|  |TAMS 0x0000000085400000, 0x0000000085300000| Complete 
|  84|0x0000000085400000, 0x0000000085400000, 0x0000000085500000|  0%| F|  |TAMS 0x0000000085400000, 0x0000000085400000| Untracked 
|  85|0x0000000085500000, 0x0000000085500000, 0x0000000085600000|  0%| F|  |TAMS 0x0000000085500000, 0x0000000085500000| Untracked 
|  86|0x0000000085600000, 0x0000000085700000, 0x0000000085700000|100%| O|  |TAMS 0x0000000085700000, 0x0000000085600000| Complete 
|  87|0x0000000085700000, 0x0000000085800000, 0x0000000085800000|100%| O|  |TAMS 0x0000000085800000, 0x0000000085700000| Complete 
|  88|0x0000000085800000, 0x0000000085900000, 0x0000000085900000|100%| O|  |TAMS 0x0000000085900000, 0x0000000085800000| Complete 
|  89|0x0000000085900000, 0x0000000085a00000, 0x0000000085a00000|100%| O|  |TAMS 0x0000000085a00000, 0x0000000085900000| Complete 
|  90|0x0000000085a00000, 0x0000000085a00000, 0x0000000085b00000|  0%| F|  |TAMS 0x0000000085a00000, 0x0000000085a00000| Untracked 
|  91|0x0000000085b00000, 0x0000000085c00000, 0x0000000085c00000|100%| O|  |TAMS 0x0000000085b00000, 0x0000000085b00000| Untracked 
|  92|0x0000000085c00000, 0x0000000085c00000, 0x0000000085d00000|  0%| F|  |TAMS 0x0000000085c00000, 0x0000000085c00000| Untracked 
|  93|0x0000000085d00000, 0x0000000085d00000, 0x0000000085e00000|  0%| F|  |TAMS 0x0000000085d00000, 0x0000000085d00000| Untracked 
|  94|0x0000000085e00000, 0x0000000085e00000, 0x0000000085f00000|  0%| F|  |TAMS 0x0000000085e00000, 0x0000000085e00000| Untracked 
|  95|0x0000000085f00000, 0x0000000086000000, 0x0000000086000000|100%| O|  |TAMS 0x0000000086000000, 0x0000000085f00000| Complete 
|  96|0x0000000086000000, 0x0000000086100000, 0x0000000086100000|100%| O|  |TAMS 0x0000000086100000, 0x0000000086000000| Complete 
|  97|0x0000000086100000, 0x0000000086100000, 0x0000000086200000|  0%| F|  |TAMS 0x0000000086100000, 0x0000000086100000| Untracked 
|  98|0x0000000086200000, 0x0000000086300000, 0x0000000086300000|100%| O|  |TAMS 0x0000000086300000, 0x0000000086200000| Complete 
|  99|0x0000000086300000, 0x0000000086400000, 0x0000000086400000|100%| O|  |TAMS 0x0000000086400000, 0x0000000086300000| Untracked 
| 100|0x0000000086400000, 0x0000000086500000, 0x0000000086500000|100%| O|  |TAMS 0x0000000086500000, 0x0000000086400000| Untracked 
| 101|0x0000000086500000, 0x0000000086600000, 0x0000000086600000|100%| O|  |TAMS 0x0000000086600000, 0x0000000086500000| Untracked 
| 102|0x0000000086600000, 0x0000000086700000, 0x0000000086700000|100%| O|  |TAMS 0x0000000086700000, 0x0000000086600000| Untracked 
| 103|0x0000000086700000, 0x0000000086800000, 0x0000000086800000|100%| O|  |TAMS 0x0000000086800000, 0x0000000086700000| Untracked 
| 104|0x0000000086800000, 0x0000000086900000, 0x0000000086900000|100%| O|  |TAMS 0x0000000086900000, 0x0000000086800000| Untracked 
| 105|0x0000000086900000, 0x0000000086a00000, 0x0000000086a00000|100%| O|  |TAMS 0x0000000086a00000, 0x0000000086900000| Complete 
| 106|0x0000000086a00000, 0x0000000086a00000, 0x0000000086b00000|  0%| F|  |TAMS 0x0000000086a00000, 0x0000000086a00000| Untracked 
| 107|0x0000000086b00000, 0x0000000086c00000, 0x0000000086c00000|100%| O|  |TAMS 0x0000000086c00000, 0x0000000086b00000| Complete 
| 108|0x0000000086c00000, 0x0000000086c00000, 0x0000000086d00000|  0%| F|  |TAMS 0x0000000086c00000, 0x0000000086c00000| Untracked 
| 109|0x0000000086d00000, 0x0000000086e00000, 0x0000000086e00000|100%| O|  |TAMS 0x0000000086e00000, 0x0000000086d00000| Complete 
| 110|0x0000000086e00000, 0x0000000086f00000, 0x0000000086f00000|100%| O|  |TAMS 0x0000000086f00000, 0x0000000086e00000| Complete 
| 111|0x0000000086f00000, 0x0000000087000000, 0x0000000087000000|100%| O|  |TAMS 0x0000000087000000, 0x0000000086f00000| Complete 
| 112|0x0000000087000000, 0x0000000087100000, 0x0000000087100000|100%| O|  |TAMS 0x0000000087100000, 0x0000000087000000| Complete 
| 113|0x0000000087100000, 0x0000000087200000, 0x0000000087200000|100%| O|  |TAMS 0x0000000087200000, 0x0000000087100000| Complete 
| 114|0x0000000087200000, 0x0000000087300000, 0x0000000087300000|100%| O|  |TAMS 0x0000000087200000, 0x0000000087200000| Untracked 
| 115|0x0000000087300000, 0x0000000087400000, 0x0000000087400000|100%| O|  |TAMS 0x0000000087300000, 0x0000000087300000| Untracked 
| 116|0x0000000087400000, 0x00000000874b9800, 0x0000000087500000| 72%| O|  |TAMS 0x0000000087400000, 0x0000000087400000| Untracked 
| 117|0x0000000087500000, 0x0000000087500000, 0x0000000087600000|  0%| F|  |TAMS 0x0000000087500000, 0x0000000087500000| Untracked 
| 118|0x0000000087600000, 0x0000000087600000, 0x0000000087700000|  0%| F|  |TAMS 0x0000000087600000, 0x0000000087600000| Untracked 
| 119|0x0000000087700000, 0x0000000087700000, 0x0000000087800000|  0%| F|  |TAMS 0x0000000087700000, 0x0000000087700000| Untracked 
| 120|0x0000000087800000, 0x0000000087800000, 0x0000000087900000|  0%| F|  |TAMS 0x0000000087800000, 0x0000000087800000| Untracked 
| 121|0x0000000087900000, 0x0000000087900000, 0x0000000087a00000|  0%| F|  |TAMS 0x0000000087900000, 0x0000000087900000| Untracked 
| 122|0x0000000087a00000, 0x0000000087a00000, 0x0000000087b00000|  0%| F|  |TAMS 0x0000000087a00000, 0x0000000087a00000| Untracked 
| 123|0x0000000087b00000, 0x0000000087b00000, 0x0000000087c00000|  0%| F|  |TAMS 0x0000000087b00000, 0x0000000087b00000| Untracked 
| 124|0x0000000087c00000, 0x0000000087c00000, 0x0000000087d00000|  0%| F|  |TAMS 0x0000000087c00000, 0x0000000087c00000| Untracked 
| 125|0x0000000087d00000, 0x0000000087d00000, 0x0000000087e00000|  0%| F|  |TAMS 0x0000000087d00000, 0x0000000087d00000| Untracked 
| 126|0x0000000087e00000, 0x0000000087e00000, 0x0000000087f00000|  0%| F|  |TAMS 0x0000000087e00000, 0x0000000087e00000| Untracked 
| 127|0x0000000087f00000, 0x0000000087f00000, 0x0000000088000000|  0%| F|  |TAMS 0x0000000087f00000, 0x0000000087f00000| Untracked 
| 128|0x0000000088000000, 0x0000000088000000, 0x0000000088100000|  0%| F|  |TAMS 0x0000000088000000, 0x0000000088000000| Untracked 
| 129|0x0000000088100000, 0x0000000088100000, 0x0000000088200000|  0%| F|  |TAMS 0x0000000088100000, 0x0000000088100000| Untracked 
| 130|0x0000000088200000, 0x0000000088200000, 0x0000000088300000|  0%| F|  |TAMS 0x0000000088200000, 0x0000000088200000| Untracked 
| 131|0x0000000088300000, 0x0000000088300000, 0x0000000088400000|  0%| F|  |TAMS 0x0000000088300000, 0x0000000088300000| Untracked 
| 132|0x0000000088400000, 0x0000000088500000, 0x0000000088500000|100%| O|  |TAMS 0x0000000088500000, 0x0000000088400000| Complete 
| 133|0x0000000088500000, 0x0000000088500000, 0x0000000088600000|  0%| F|  |TAMS 0x0000000088500000, 0x0000000088500000| Untracked 
| 134|0x0000000088600000, 0x0000000088600000, 0x0000000088700000|  0%| F|  |TAMS 0x0000000088600000, 0x0000000088600000| Untracked 
| 135|0x0000000088700000, 0x0000000088700000, 0x0000000088800000|  0%| F|  |TAMS 0x0000000088700000, 0x0000000088700000| Untracked 
| 136|0x0000000088800000, 0x0000000088800000, 0x0000000088900000|  0%| F|  |TAMS 0x0000000088800000, 0x0000000088800000| Untracked 
| 137|0x0000000088900000, 0x0000000088900000, 0x0000000088a00000|  0%| F|  |TAMS 0x0000000088900000, 0x0000000088900000| Untracked 
| 138|0x0000000088a00000, 0x0000000088a00000, 0x0000000088b00000|  0%| F|  |TAMS 0x0000000088a00000, 0x0000000088a00000| Untracked 
| 139|0x0000000088b00000, 0x0000000088b00000, 0x0000000088c00000|  0%| F|  |TAMS 0x0000000088b00000, 0x0000000088b00000| Untracked 
| 140|0x0000000088c00000, 0x0000000088c00000, 0x0000000088d00000|  0%| F|  |TAMS 0x0000000088c00000, 0x0000000088c00000| Untracked 
| 141|0x0000000088d00000, 0x0000000088d00000, 0x0000000088e00000|  0%| F|  |TAMS 0x0000000088d00000, 0x0000000088d00000| Untracked 
| 142|0x0000000088e00000, 0x0000000088e00000, 0x0000000088f00000|  0%| F|  |TAMS 0x0000000088e00000, 0x0000000088e00000| Untracked 
| 143|0x0000000088f00000, 0x0000000088f00000, 0x0000000089000000|  0%| F|  |TAMS 0x0000000088f00000, 0x0000000088f00000| Untracked 
| 144|0x0000000089000000, 0x0000000089000000, 0x0000000089100000|  0%| F|  |TAMS 0x0000000089000000, 0x0000000089000000| Untracked 
| 145|0x0000000089100000, 0x0000000089100000, 0x0000000089200000|  0%| F|  |TAMS 0x0000000089100000, 0x0000000089100000| Untracked 
| 146|0x0000000089200000, 0x0000000089200000, 0x0000000089300000|  0%| F|  |TAMS 0x0000000089200000, 0x0000000089200000| Untracked 
| 147|0x0000000089300000, 0x0000000089300000, 0x0000000089400000|  0%| F|  |TAMS 0x0000000089300000, 0x0000000089300000| Untracked 
| 148|0x0000000089400000, 0x0000000089400000, 0x0000000089500000|  0%| F|  |TAMS 0x0000000089400000, 0x0000000089400000| Untracked 
| 149|0x0000000089500000, 0x0000000089500000, 0x0000000089600000|  0%| F|  |TAMS 0x0000000089500000, 0x0000000089500000| Untracked 
| 150|0x0000000089600000, 0x0000000089600000, 0x0000000089700000|  0%| F|  |TAMS 0x0000000089600000, 0x0000000089600000| Untracked 
| 151|0x0000000089700000, 0x0000000089700000, 0x0000000089800000|  0%| F|  |TAMS 0x0000000089700000, 0x0000000089700000| Untracked 
| 152|0x0000000089800000, 0x0000000089800000, 0x0000000089900000|  0%| F|  |TAMS 0x0000000089800000, 0x0000000089800000| Untracked 
| 153|0x0000000089900000, 0x0000000089900000, 0x0000000089a00000|  0%| F|  |TAMS 0x0000000089900000, 0x0000000089900000| Untracked 
| 154|0x0000000089a00000, 0x0000000089a00000, 0x0000000089b00000|  0%| F|  |TAMS 0x0000000089a00000, 0x0000000089a00000| Untracked 
| 155|0x0000000089b00000, 0x0000000089b00000, 0x0000000089c00000|  0%| F|  |TAMS 0x0000000089b00000, 0x0000000089b00000| Untracked 
| 156|0x0000000089c00000, 0x0000000089c00000, 0x0000000089d00000|  0%| F|  |TAMS 0x0000000089c00000, 0x0000000089c00000| Untracked 
| 157|0x0000000089d00000, 0x0000000089d00000, 0x0000000089e00000|  0%| F|  |TAMS 0x0000000089d00000, 0x0000000089d00000| Untracked 
| 158|0x0000000089e00000, 0x0000000089e00000, 0x0000000089f00000|  0%| F|  |TAMS 0x0000000089e00000, 0x0000000089e00000| Untracked 
| 159|0x0000000089f00000, 0x0000000089f00000, 0x000000008a000000|  0%| F|  |TAMS 0x0000000089f00000, 0x0000000089f00000| Untracked 
| 160|0x000000008a000000, 0x000000008a100000, 0x000000008a100000|100%| O|  |TAMS 0x000000008a100000, 0x000000008a000000| Complete 
| 161|0x000000008a100000, 0x000000008a100000, 0x000000008a200000|  0%| F|  |TAMS 0x000000008a100000, 0x000000008a100000| Untracked 
| 162|0x000000008a200000, 0x000000008a200000, 0x000000008a300000|  0%| F|  |TAMS 0x000000008a200000, 0x000000008a200000| Untracked 
| 163|0x000000008a300000, 0x000000008a300000, 0x000000008a400000|  0%| F|  |TAMS 0x000000008a300000, 0x000000008a300000| Untracked 
| 164|0x000000008a400000, 0x000000008a400000, 0x000000008a500000|  0%| F|  |TAMS 0x000000008a400000, 0x000000008a400000| Untracked 
| 165|0x000000008a500000, 0x000000008a500000, 0x000000008a600000|  0%| F|  |TAMS 0x000000008a500000, 0x000000008a500000| Untracked 
| 166|0x000000008a600000, 0x000000008a600000, 0x000000008a700000|  0%| F|  |TAMS 0x000000008a600000, 0x000000008a600000| Untracked 
| 167|0x000000008a700000, 0x000000008a700000, 0x000000008a800000|  0%| F|  |TAMS 0x000000008a700000, 0x000000008a700000| Untracked 
| 168|0x000000008a800000, 0x000000008a800000, 0x000000008a900000|  0%| F|  |TAMS 0x000000008a800000, 0x000000008a800000| Untracked 
| 169|0x000000008a900000, 0x000000008a900000, 0x000000008aa00000|  0%| F|  |TAMS 0x000000008a900000, 0x000000008a900000| Untracked 
| 170|0x000000008aa00000, 0x000000008aa00000, 0x000000008ab00000|  0%| F|  |TAMS 0x000000008aa00000, 0x000000008aa00000| Untracked 
| 171|0x000000008ab00000, 0x000000008ab00000, 0x000000008ac00000|  0%| F|  |TAMS 0x000000008ab00000, 0x000000008ab00000| Untracked 
| 172|0x000000008ac00000, 0x000000008ac00000, 0x000000008ad00000|  0%| F|  |TAMS 0x000000008ac00000, 0x000000008ac00000| Untracked 
| 173|0x000000008ad00000, 0x000000008ad00000, 0x000000008ae00000|  0%| F|  |TAMS 0x000000008ad00000, 0x000000008ad00000| Untracked 
| 174|0x000000008ae00000, 0x000000008ae00000, 0x000000008af00000|  0%| F|  |TAMS 0x000000008ae00000, 0x000000008ae00000| Untracked 
| 175|0x000000008af00000, 0x000000008af00000, 0x000000008b000000|  0%| F|  |TAMS 0x000000008af00000, 0x000000008af00000| Untracked 
| 176|0x000000008b000000, 0x000000008b000000, 0x000000008b100000|  0%| F|  |TAMS 0x000000008b000000, 0x000000008b000000| Untracked 
| 177|0x000000008b100000, 0x000000008b100000, 0x000000008b200000|  0%| F|  |TAMS 0x000000008b100000, 0x000000008b100000| Untracked 
| 178|0x000000008b200000, 0x000000008b200000, 0x000000008b300000|  0%| F|  |TAMS 0x000000008b200000, 0x000000008b200000| Untracked 
| 179|0x000000008b300000, 0x000000008b300000, 0x000000008b400000|  0%| F|  |TAMS 0x000000008b300000, 0x000000008b300000| Untracked 
| 180|0x000000008b400000, 0x000000008b400000, 0x000000008b500000|  0%| F|  |TAMS 0x000000008b400000, 0x000000008b400000| Untracked 
| 181|0x000000008b500000, 0x000000008b500000, 0x000000008b600000|  0%| F|  |TAMS 0x000000008b500000, 0x000000008b500000| Untracked 
| 182|0x000000008b600000, 0x000000008b600000, 0x000000008b700000|  0%| F|  |TAMS 0x000000008b600000, 0x000000008b600000| Untracked 
| 183|0x000000008b700000, 0x000000008b700000, 0x000000008b800000|  0%| F|  |TAMS 0x000000008b700000, 0x000000008b700000| Untracked 
| 184|0x000000008b800000, 0x000000008b800000, 0x000000008b900000|  0%| F|  |TAMS 0x000000008b800000, 0x000000008b800000| Untracked 
| 185|0x000000008b900000, 0x000000008b900000, 0x000000008ba00000|  0%| F|  |TAMS 0x000000008b900000, 0x000000008b900000| Untracked 
| 186|0x000000008ba00000, 0x000000008ba00000, 0x000000008bb00000|  0%| F|  |TAMS 0x000000008ba00000, 0x000000008ba00000| Untracked 
| 187|0x000000008bb00000, 0x000000008bb00000, 0x000000008bc00000|  0%| F|  |TAMS 0x000000008bb00000, 0x000000008bb00000| Untracked 
| 188|0x000000008bc00000, 0x000000008bc00000, 0x000000008bd00000|  0%| F|  |TAMS 0x000000008bc00000, 0x000000008bc00000| Untracked 
| 189|0x000000008bd00000, 0x000000008bd00000, 0x000000008be00000|  0%| F|  |TAMS 0x000000008bd00000, 0x000000008bd00000| Untracked 
| 190|0x000000008be00000, 0x000000008be00000, 0x000000008bf00000|  0%| F|  |TAMS 0x000000008be00000, 0x000000008be00000| Untracked 
| 191|0x000000008bf00000, 0x000000008bf00000, 0x000000008c000000|  0%| F|  |TAMS 0x000000008bf00000, 0x000000008bf00000| Untracked 
| 192|0x000000008c000000, 0x000000008c000000, 0x000000008c100000|  0%| F|  |TAMS 0x000000008c000000, 0x000000008c000000| Untracked 
| 193|0x000000008c100000, 0x000000008c100000, 0x000000008c200000|  0%| F|  |TAMS 0x000000008c100000, 0x000000008c100000| Untracked 
| 194|0x000000008c200000, 0x000000008c200000, 0x000000008c300000|  0%| F|  |TAMS 0x000000008c200000, 0x000000008c200000| Untracked 
| 195|0x000000008c300000, 0x000000008c300000, 0x000000008c400000|  0%| F|  |TAMS 0x000000008c300000, 0x000000008c300000| Untracked 
| 196|0x000000008c400000, 0x000000008c400000, 0x000000008c500000|  0%| F|  |TAMS 0x000000008c400000, 0x000000008c400000| Untracked 
| 197|0x000000008c500000, 0x000000008c500000, 0x000000008c600000|  0%| F|  |TAMS 0x000000008c500000, 0x000000008c500000| Untracked 
| 198|0x000000008c600000, 0x000000008c600000, 0x000000008c700000|  0%| F|  |TAMS 0x000000008c600000, 0x000000008c600000| Untracked 
| 199|0x000000008c700000, 0x000000008c700000, 0x000000008c800000|  0%| F|  |TAMS 0x000000008c700000, 0x000000008c700000| Untracked 
| 200|0x000000008c800000, 0x000000008c800000, 0x000000008c900000|  0%| F|  |TAMS 0x000000008c800000, 0x000000008c800000| Untracked 
| 201|0x000000008c900000, 0x000000008c900000, 0x000000008ca00000|  0%| F|  |TAMS 0x000000008c900000, 0x000000008c900000| Untracked 
| 202|0x000000008ca00000, 0x000000008ca00000, 0x000000008cb00000|  0%| F|  |TAMS 0x000000008ca00000, 0x000000008ca00000| Untracked 
| 203|0x000000008cb00000, 0x000000008cb00000, 0x000000008cc00000|  0%| F|  |TAMS 0x000000008cb00000, 0x000000008cb00000| Untracked 
| 204|0x000000008cc00000, 0x000000008cc00000, 0x000000008cd00000|  0%| F|  |TAMS 0x000000008cc00000, 0x000000008cc00000| Untracked 
| 205|0x000000008cd00000, 0x000000008cd00000, 0x000000008ce00000|  0%| F|  |TAMS 0x000000008cd00000, 0x000000008cd00000| Untracked 
| 206|0x000000008ce00000, 0x000000008ce00000, 0x000000008cf00000|  0%| F|  |TAMS 0x000000008ce00000, 0x000000008ce00000| Untracked 
| 207|0x000000008cf00000, 0x000000008cf00000, 0x000000008d000000|  0%| F|  |TAMS 0x000000008cf00000, 0x000000008cf00000| Untracked 
| 208|0x000000008d000000, 0x000000008d000000, 0x000000008d100000|  0%| F|  |TAMS 0x000000008d000000, 0x000000008d000000| Untracked 
| 209|0x000000008d100000, 0x000000008d100000, 0x000000008d200000|  0%| F|  |TAMS 0x000000008d100000, 0x000000008d100000| Untracked 
| 210|0x000000008d200000, 0x000000008d200000, 0x000000008d300000|  0%| F|  |TAMS 0x000000008d200000, 0x000000008d200000| Untracked 
| 211|0x000000008d300000, 0x000000008d300000, 0x000000008d400000|  0%| F|  |TAMS 0x000000008d300000, 0x000000008d300000| Untracked 
| 212|0x000000008d400000, 0x000000008d400000, 0x000000008d500000|  0%| F|  |TAMS 0x000000008d400000, 0x000000008d400000| Untracked 
| 213|0x000000008d500000, 0x000000008d500000, 0x000000008d600000|  0%| F|  |TAMS 0x000000008d500000, 0x000000008d500000| Untracked 
| 214|0x000000008d600000, 0x000000008d600000, 0x000000008d700000|  0%| F|  |TAMS 0x000000008d600000, 0x000000008d600000| Untracked 
| 215|0x000000008d700000, 0x000000008d700000, 0x000000008d800000|  0%| F|  |TAMS 0x000000008d700000, 0x000000008d700000| Untracked 
| 216|0x000000008d800000, 0x000000008d800000, 0x000000008d900000|  0%| F|  |TAMS 0x000000008d800000, 0x000000008d800000| Untracked 
| 217|0x000000008d900000, 0x000000008d900000, 0x000000008da00000|  0%| F|  |TAMS 0x000000008d900000, 0x000000008d900000| Untracked 
| 218|0x000000008da00000, 0x000000008da00000, 0x000000008db00000|  0%| F|  |TAMS 0x000000008da00000, 0x000000008da00000| Untracked 
| 219|0x000000008db00000, 0x000000008db00000, 0x000000008dc00000|  0%| F|  |TAMS 0x000000008db00000, 0x000000008db00000| Untracked 
| 220|0x000000008dc00000, 0x000000008dc00000, 0x000000008dd00000|  0%| F|  |TAMS 0x000000008dc00000, 0x000000008dc00000| Untracked 
| 221|0x000000008dd00000, 0x000000008dd00000, 0x000000008de00000|  0%| F|  |TAMS 0x000000008dd00000, 0x000000008dd00000| Untracked 
| 222|0x000000008de00000, 0x000000008de00000, 0x000000008df00000|  0%| F|  |TAMS 0x000000008de00000, 0x000000008de00000| Untracked 
| 223|0x000000008df00000, 0x000000008df00000, 0x000000008e000000|  0%| F|  |TAMS 0x000000008df00000, 0x000000008df00000| Untracked 
| 224|0x000000008e000000, 0x000000008e000000, 0x000000008e100000|  0%| F|  |TAMS 0x000000008e000000, 0x000000008e000000| Untracked 
| 225|0x000000008e100000, 0x000000008e100000, 0x000000008e200000|  0%| F|  |TAMS 0x000000008e100000, 0x000000008e100000| Untracked 
| 226|0x000000008e200000, 0x000000008e200000, 0x000000008e300000|  0%| F|  |TAMS 0x000000008e200000, 0x000000008e200000| Untracked 
| 227|0x000000008e300000, 0x000000008e300000, 0x000000008e400000|  0%| F|  |TAMS 0x000000008e300000, 0x000000008e300000| Untracked 
| 228|0x000000008e400000, 0x000000008e400000, 0x000000008e500000|  0%| F|  |TAMS 0x000000008e400000, 0x000000008e400000| Untracked 
| 229|0x000000008e500000, 0x000000008e500000, 0x000000008e600000|  0%| F|  |TAMS 0x000000008e500000, 0x000000008e500000| Untracked 
| 230|0x000000008e600000, 0x000000008e600000, 0x000000008e700000|  0%| F|  |TAMS 0x000000008e600000, 0x000000008e600000| Untracked 
| 231|0x000000008e700000, 0x000000008e700000, 0x000000008e800000|  0%| F|  |TAMS 0x000000008e700000, 0x000000008e700000| Untracked 
| 232|0x000000008e800000, 0x000000008e800000, 0x000000008e900000|  0%| F|  |TAMS 0x000000008e800000, 0x000000008e800000| Untracked 
| 233|0x000000008e900000, 0x000000008e900000, 0x000000008ea00000|  0%| F|  |TAMS 0x000000008e900000, 0x000000008e900000| Untracked 
| 234|0x000000008ea00000, 0x000000008ea00000, 0x000000008eb00000|  0%| F|  |TAMS 0x000000008ea00000, 0x000000008ea00000| Untracked 
| 235|0x000000008eb00000, 0x000000008eb00000, 0x000000008ec00000|  0%| F|  |TAMS 0x000000008eb00000, 0x000000008eb00000| Untracked 
| 236|0x000000008ec00000, 0x000000008ec00000, 0x000000008ed00000|  0%| F|  |TAMS 0x000000008ec00000, 0x000000008ec00000| Untracked 
| 237|0x000000008ed00000, 0x000000008ed00000, 0x000000008ee00000|  0%| F|  |TAMS 0x000000008ed00000, 0x000000008ed00000| Untracked 
| 238|0x000000008ee00000, 0x000000008ee00000, 0x000000008ef00000|  0%| F|  |TAMS 0x000000008ee00000, 0x000000008ee00000| Untracked 
| 239|0x000000008ef00000, 0x000000008ef00000, 0x000000008f000000|  0%| F|  |TAMS 0x000000008ef00000, 0x000000008ef00000| Untracked 
| 240|0x000000008f000000, 0x000000008f000000, 0x000000008f100000|  0%| F|  |TAMS 0x000000008f000000, 0x000000008f000000| Untracked 
| 241|0x000000008f100000, 0x000000008f100000, 0x000000008f200000|  0%| F|  |TAMS 0x000000008f100000, 0x000000008f100000| Untracked 
| 242|0x000000008f200000, 0x000000008f200000, 0x000000008f300000|  0%| F|  |TAMS 0x000000008f200000, 0x000000008f200000| Untracked 
| 243|0x000000008f300000, 0x000000008f300000, 0x000000008f400000|  0%| F|  |TAMS 0x000000008f300000, 0x000000008f300000| Untracked 
| 244|0x000000008f400000, 0x000000008f400000, 0x000000008f500000|  0%| F|  |TAMS 0x000000008f400000, 0x000000008f400000| Untracked 
| 245|0x000000008f500000, 0x000000008f500000, 0x000000008f600000|  0%| F|  |TAMS 0x000000008f500000, 0x000000008f500000| Untracked 
| 246|0x000000008f600000, 0x000000008f600000, 0x000000008f700000|  0%| F|  |TAMS 0x000000008f600000, 0x000000008f600000| Untracked 
| 247|0x000000008f700000, 0x000000008f700000, 0x000000008f800000|  0%| F|  |TAMS 0x000000008f700000, 0x000000008f700000| Untracked 
| 248|0x000000008f800000, 0x000000008f800000, 0x000000008f900000|  0%| F|  |TAMS 0x000000008f800000, 0x000000008f800000| Untracked 
| 249|0x000000008f900000, 0x000000008f900000, 0x000000008fa00000|  0%| F|  |TAMS 0x000000008f900000, 0x000000008f900000| Untracked 
| 250|0x000000008fa00000, 0x000000008fa00000, 0x000000008fb00000|  0%| F|  |TAMS 0x000000008fa00000, 0x000000008fa00000| Untracked 
| 251|0x000000008fb00000, 0x000000008fb00000, 0x000000008fc00000|  0%| F|  |TAMS 0x000000008fb00000, 0x000000008fb00000| Untracked 
| 252|0x000000008fc00000, 0x000000008fc00000, 0x000000008fd00000|  0%| F|  |TAMS 0x000000008fc00000, 0x000000008fc00000| Untracked 
| 253|0x000000008fd00000, 0x000000008fd00000, 0x000000008fe00000|  0%| F|  |TAMS 0x000000008fd00000, 0x000000008fd00000| Untracked 
| 254|0x000000008fe00000, 0x000000008fe00000, 0x000000008ff00000|  0%| F|  |TAMS 0x000000008fe00000, 0x000000008fe00000| Untracked 
| 255|0x000000008ff00000, 0x000000008ff00000, 0x0000000090000000|  0%| F|  |TAMS 0x000000008ff00000, 0x000000008ff00000| Untracked 
| 256|0x0000000090000000, 0x0000000090000000, 0x0000000090100000|  0%| F|  |TAMS 0x0000000090000000, 0x0000000090000000| Untracked 
| 257|0x0000000090100000, 0x0000000090100000, 0x0000000090200000|  0%| F|  |TAMS 0x0000000090100000, 0x0000000090100000| Untracked 
| 258|0x0000000090200000, 0x0000000090200000, 0x0000000090300000|  0%| F|  |TAMS 0x0000000090200000, 0x0000000090200000| Untracked 
| 259|0x0000000090300000, 0x0000000090300000, 0x0000000090400000|  0%| F|  |TAMS 0x0000000090300000, 0x0000000090300000| Untracked 
| 260|0x0000000090400000, 0x0000000090500000, 0x0000000090500000|100%| O|  |TAMS 0x0000000090500000, 0x0000000090400000| Complete 
| 261|0x0000000090500000, 0x0000000090500000, 0x0000000090600000|  0%| F|  |TAMS 0x0000000090500000, 0x0000000090500000| Untracked 
| 262|0x0000000090600000, 0x0000000090600000, 0x0000000090700000|  0%| F|  |TAMS 0x0000000090600000, 0x0000000090600000| Untracked 
| 263|0x0000000090700000, 0x0000000090800000, 0x0000000090800000|100%| S|CS|TAMS 0x0000000090700000, 0x0000000090700000| Complete 
| 264|0x0000000090800000, 0x0000000090900000, 0x0000000090900000|100%| S|CS|TAMS 0x0000000090800000, 0x0000000090800000| Complete 
| 265|0x0000000090900000, 0x0000000090900000, 0x0000000090a00000|  0%| F|  |TAMS 0x0000000090900000, 0x0000000090900000| Untracked 
| 266|0x0000000090a00000, 0x0000000090a00000, 0x0000000090b00000|  0%| F|  |TAMS 0x0000000090a00000, 0x0000000090a00000| Untracked 
| 267|0x0000000090b00000, 0x0000000090b00000, 0x0000000090c00000|  0%| F|  |TAMS 0x0000000090b00000, 0x0000000090b00000| Untracked 
| 268|0x0000000090c00000, 0x0000000090c00000, 0x0000000090d00000|  0%| F|  |TAMS 0x0000000090c00000, 0x0000000090c00000| Untracked 
| 269|0x0000000090d00000, 0x0000000090d00000, 0x0000000090e00000|  0%| F|  |TAMS 0x0000000090d00000, 0x0000000090d00000| Untracked 
| 270|0x0000000090e00000, 0x0000000090e00000, 0x0000000090f00000|  0%| F|  |TAMS 0x0000000090e00000, 0x0000000090e00000| Untracked 
| 271|0x0000000090f00000, 0x0000000090f00000, 0x0000000091000000|  0%| F|  |TAMS 0x0000000090f00000, 0x0000000090f00000| Untracked 
| 272|0x0000000091000000, 0x0000000091000000, 0x0000000091100000|  0%| F|  |TAMS 0x0000000091000000, 0x0000000091000000| Untracked 
| 273|0x0000000091100000, 0x0000000091100000, 0x0000000091200000|  0%| F|  |TAMS 0x0000000091100000, 0x0000000091100000| Untracked 
| 274|0x0000000091200000, 0x0000000091200000, 0x0000000091300000|  0%| F|  |TAMS 0x0000000091200000, 0x0000000091200000| Untracked 
| 275|0x0000000091300000, 0x0000000091300000, 0x0000000091400000|  0%| F|  |TAMS 0x0000000091300000, 0x0000000091300000| Untracked 
| 276|0x0000000091400000, 0x0000000091400000, 0x0000000091500000|  0%| F|  |TAMS 0x0000000091400000, 0x0000000091400000| Untracked 
| 277|0x0000000091500000, 0x0000000091500000, 0x0000000091600000|  0%| F|  |TAMS 0x0000000091500000, 0x0000000091500000| Untracked 
| 278|0x0000000091600000, 0x0000000091600000, 0x0000000091700000|  0%| F|  |TAMS 0x0000000091600000, 0x0000000091600000| Untracked 
| 279|0x0000000091700000, 0x0000000091800000, 0x0000000091800000|100%| O|  |TAMS 0x0000000091800000, 0x0000000091700000| Untracked 

Card table byte_map: [0x000001f617cd0000,0x000001f6180d0000] _byte_map_base: 0x000001f6178d0000

Marking Bits (Prev, Next): (CMBitMap*) 0x000001f604df7528, (CMBitMap*) 0x000001f604df7560
 Prev Bits: [0x000001f6184d0000, 0x000001f61a4d0000)
 Next Bits: [0x000001f61a4d0000, 0x000001f61c4d0000)

Polling page: 0x000001f602cf0000

Metaspace:

Usage:
  Non-class:    101.70 MB capacity,    99.71 MB ( 98%) used,     1.58 MB (  2%) free+waste,   416.69 KB ( <1%) overhead. 
      Class:     15.83 MB capacity,    14.49 MB ( 92%) used,     1.15 MB (  7%) free+waste,   191.00 KB (  1%) overhead. 
       Both:    117.52 MB capacity,   114.20 MB ( 97%) used,     2.73 MB (  2%) free+waste,   607.69 KB ( <1%) overhead. 

Virtual space:
  Non-class space:      102.00 MB reserved,     101.70 MB (>99%) committed 
      Class space:        1.00 GB reserved,      15.88 MB (  2%) committed 
             Both:        1.10 GB reserved,     117.58 MB ( 10%) committed 

Chunk freelists:
   Non-Class:  7.00 KB
       Class:  18.00 KB
        Both:  25.00 KB

MaxMetaspaceSize: 17179869184.00 GB
CompressedClassSpaceSize: 1.00 GB
Initial GC threshold: 20.80 MB
Current GC threshold: 175.34 MB
CDS: off

CodeHeap 'non-profiled nmethods': size=120064Kb used=10806Kb max_used=11673Kb free=109257Kb
 bounds [0x000001f610390000, 0x000001f610f00000, 0x000001f6178d0000]
CodeHeap 'profiled nmethods': size=120000Kb used=34096Kb max_used=36163Kb free=85903Kb
 bounds [0x000001f608e60000, 0x000001f60b1c0000, 0x000001f610390000]
CodeHeap 'non-nmethods': size=5696Kb used=2412Kb max_used=2458Kb free=3283Kb
 bounds [0x000001f6088d0000, 0x000001f608b40000, 0x000001f608e60000]
 total_blobs=17195 nmethods=16258 adapters=847
 compilation: enabled
              stopped_count=0, restarted_count=0
 full_count=0

Compilation events (20 events):
Event: 326.092 Thread 0x000001f61f298000 17178       3       com.android.tools.r8.internal.Xt::o (129 bytes)
Event: 326.092 Thread 0x000001f61f298000 nmethod 17178 0x000001f608ed3010 code [0x000001f608ed3200, 0x000001f608ed36f8]
Event: 326.092 Thread 0x000001f61f298000 17182       2       com.android.tools.r8.internal.Xt::d (1434 bytes)
Event: 326.095 Thread 0x000001f61f298000 nmethod 17182 0x000001f60931a290 code [0x000001f60931ab80, 0x000001f60931e1e8]
Event: 326.095 Thread 0x000001f61f298000 17186       2       com.android.tools.r8.internal.nI::a (34 bytes)
Event: 326.096 Thread 0x000001f61f298000 nmethod 17186 0x000001f6090b3f90 code [0x000001f6090b4140, 0x000001f6090b4318]
Event: 326.096 Thread 0x000001f61f298000 17183       2       com.android.tools.r8.internal.M::b (10 bytes)
Event: 326.096 Thread 0x000001f61f298000 nmethod 17183 0x000001f608eddb10 code [0x000001f608eddcc0, 0x000001f608edddb8]
Event: 326.096 Thread 0x000001f61f298000 17177       1       com.android.tools.r8.internal.Xt::b (6 bytes)
Event: 326.096 Thread 0x000001f61f298000 nmethod 17177 0x000001f6103e8810 code [0x000001f6103e89c0, 0x000001f6103e8a78]
Event: 326.096 Thread 0x000001f61f298000 17188 %     3       com.android.tools.r8.dex.j::m @ 64 (2094 bytes)
Event: 326.101 Thread 0x000001f61f298000 nmethod 17188% 0x000001f60b1b0d90 code [0x000001f60b1b1a60, 0x000001f60b1ba998]
Event: 326.101 Thread 0x000001f61f298000 17184       1       com.android.tools.r8.internal.aA::getKey (5 bytes)
Event: 326.102 Thread 0x000001f61f298000 nmethod 17184 0x000001f610473510 code [0x000001f6104736c0, 0x000001f610473778]
Event: 326.102 Thread 0x000001f61f298000 17187       1       com.android.tools.r8.internal.aA::getValue (5 bytes)
Event: 326.102 Thread 0x000001f61f298000 nmethod 17187 0x000001f610473210 code [0x000001f6104733c0, 0x000001f610473478]
Event: 326.102 Thread 0x000001f61f298000 17189       1       com.android.tools.r8.internal.Xt::h (5 bytes)
Event: 326.102 Thread 0x000001f61f298000 nmethod 17189 0x000001f6104ab190 code [0x000001f6104ab340, 0x000001f6104ab3f8]
Event: 326.102 Thread 0x000001f61f298000 17190       1       com.android.tools.r8.internal.Va::a (5 bytes)
Event: 326.102 Thread 0x000001f61f298000 nmethod 17190 0x000001f6104aae90 code [0x000001f6104ab040, 0x000001f6104ab0f8]

GC Heap History (20 events):
Event: 324.307 GC heap after
{Heap after GC invocations=27 (full 0):
 garbage-first heap   total 283648K, used 235008K [0x0000000080000000, 0x0000000100000000)
  region size 1024K, 3 young (3072K), 3 survivors (3072K)
 Metaspace       used 102712K, capacity 105520K, committed 105808K, reserved 1140736K
  class space    used 12785K, capacity 13861K, committed 13952K, reserved 1048576K
}
Event: 324.338 GC heap before
{Heap before GC invocations=27 (full 0):
 garbage-first heap   total 283648K, used 245248K [0x0000000080000000, 0x0000000100000000)
  region size 1024K, 13 young (13312K), 3 survivors (3072K)
 Metaspace       used 102525K, capacity 105217K, committed 105808K, reserved 1140736K
  class space    used 12727K, capacity 13757K, committed 13952K, reserved 1048576K
}
Event: 324.344 GC heap after
{Heap after GC invocations=28 (full 0):
 garbage-first heap   total 283648K, used 245760K [0x0000000080000000, 0x0000000100000000)
  region size 1024K, 2 young (2048K), 2 survivors (2048K)
 Metaspace       used 102525K, capacity 105217K, committed 105808K, reserved 1140736K
  class space    used 12727K, capacity 13757K, committed 13952K, reserved 1048576K
}
Event: 324.356 GC heap before
{Heap before GC invocations=28 (full 0):
 garbage-first heap   total 283648K, used 257024K [0x0000000080000000, 0x0000000100000000)
  region size 1024K, 13 young (13312K), 2 survivors (2048K)
 Metaspace       used 102525K, capacity 105217K, committed 105808K, reserved 1140736K
  class space    used 12727K, capacity 13757K, committed 13952K, reserved 1048576K
}
Event: 324.367 GC heap after
{Heap after GC invocations=29 (full 0):
 garbage-first heap   total 283648K, used 258048K [0x0000000080000000, 0x0000000100000000)
  region size 1024K, 2 young (2048K), 2 survivors (2048K)
 Metaspace       used 102525K, capacity 105217K, committed 105808K, reserved 1140736K
  class space    used 12727K, capacity 13757K, committed 13952K, reserved 1048576K
}
Event: 324.397 GC heap before
{Heap before GC invocations=29 (full 0):
 garbage-first heap   total 283648K, used 269312K [0x0000000080000000, 0x0000000100000000)
  region size 1024K, 13 young (13312K), 2 survivors (2048K)
 Metaspace       used 102525K, capacity 105217K, committed 105808K, reserved 1140736K
  class space    used 12727K, capacity 13757K, committed 13952K, reserved 1048576K
}
Event: 324.405 GC heap after
{Heap after GC invocations=30 (full 0):
 garbage-first heap   total 283648K, used 268288K [0x0000000080000000, 0x0000000100000000)
  region size 1024K, 2 young (2048K), 2 survivors (2048K)
 Metaspace       used 102525K, capacity 105217K, committed 105808K, reserved 1140736K
  class space    used 12727K, capacity 13757K, committed 13952K, reserved 1048576K
}
Event: 324.510 GC heap before
{Heap before GC invocations=30 (full 0):
 garbage-first heap   total 283648K, used 279552K [0x0000000080000000, 0x0000000100000000)
  region size 1024K, 13 young (13312K), 2 survivors (2048K)
 Metaspace       used 102814K, capacity 105442K, committed 105808K, reserved 1140736K
  class space    used 12758K, capacity 13764K, committed 13952K, reserved 1048576K
}
Event: 324.515 GC heap after
{Heap after GC invocations=31 (full 0):
 garbage-first heap   total 283648K, used 270137K [0x0000000080000000, 0x0000000100000000)
  region size 1024K, 1 young (1024K), 1 survivors (1024K)
 Metaspace       used 102814K, capacity 105442K, committed 105808K, reserved 1140736K
  class space    used 12758K, capacity 13764K, committed 13952K, reserved 1048576K
}
Event: 324.637 GC heap before
{Heap before GC invocations=32 (full 0):
 garbage-first heap   total 283648K, used 281401K [0x0000000080000000, 0x0000000100000000)
  region size 1024K, 13 young (13312K), 1 survivors (1024K)
 Metaspace       used 103759K, capacity 106440K, committed 106704K, reserved 1142784K
  class space    used 12870K, capacity 13905K, committed 14080K, reserved 1048576K
}
Event: 324.640 GC heap after
{Heap after GC invocations=33 (full 0):
 garbage-first heap   total 284672K, used 270839K [0x0000000080000000, 0x0000000100000000)
  region size 1024K, 2 young (2048K), 2 survivors (2048K)
 Metaspace       used 103759K, capacity 106440K, committed 106704K, reserved 1142784K
  class space    used 12870K, capacity 13905K, committed 14080K, reserved 1048576K
}
Event: 324.870 GC heap before
{Heap before GC invocations=33 (full 0):
 garbage-first heap   total 284672K, used 282103K [0x0000000080000000, 0x0000000100000000)
  region size 1024K, 13 young (13312K), 2 survivors (2048K)
 Metaspace       used 104202K, capacity 106838K, committed 107216K, reserved 1142784K
  class space    used 12893K, capacity 13910K, committed 14080K, reserved 1048576K
}
Event: 324.877 GC heap after
{Heap after GC invocations=34 (full 0):
 garbage-first heap   total 286720K, used 271175K [0x0000000080000000, 0x0000000100000000)
  region size 1024K, 2 young (2048K), 2 survivors (2048K)
 Metaspace       used 104202K, capacity 106838K, committed 107216K, reserved 1142784K
  class space    used 12893K, capacity 13910K, committed 14080K, reserved 1048576K
}
Event: 324.984 GC heap before
{Heap before GC invocations=34 (full 0):
 garbage-first heap   total 286720K, used 282439K [0x0000000080000000, 0x0000000100000000)
  region size 1024K, 14 young (14336K), 2 survivors (2048K)
 Metaspace       used 104402K, capacity 107034K, committed 107216K, reserved 1142784K
  class space    used 12931K, capacity 13971K, committed 14080K, reserved 1048576K
}
Event: 324.989 GC heap after
{Heap after GC invocations=35 (full 0):
 garbage-first heap   total 286720K, used 272129K [0x0000000080000000, 0x0000000100000000)
  region size 1024K, 1 young (1024K), 1 survivors (1024K)
 Metaspace       used 104402K, capacity 107034K, committed 107216K, reserved 1142784K
  class space    used 12931K, capacity 13971K, committed 14080K, reserved 1048576K
}
Event: 325.185 GC heap before
{Heap before GC invocations=35 (full 0):
 garbage-first heap   total 286720K, used 153345K [0x0000000080000000, 0x0000000100000000)
  region size 1024K, 14 young (14336K), 1 survivors (1024K)
 Metaspace       used 105188K, capacity 107851K, committed 107984K, reserved 1142784K
  class space    used 13045K, capacity 14061K, committed 14080K, reserved 1048576K
}
Event: 325.188 GC heap after
{Heap after GC invocations=36 (full 0):
 garbage-first heap   total 286720K, used 141538K [0x0000000080000000, 0x0000000100000000)
  region size 1024K, 2 young (2048K), 2 survivors (2048K)
 Metaspace       used 105188K, capacity 107851K, committed 107984K, reserved 1142784K
  class space    used 13045K, capacity 14061K, committed 14080K, reserved 1048576K
}
Event: 325.975 GC heap before
{Heap before GC invocations=37 (full 0):
 garbage-first heap   total 286720K, used 198882K [0x0000000080000000, 0x0000000100000000)
  region size 1024K, 59 young (60416K), 2 survivors (2048K)
 Metaspace       used 116045K, capacity 119475K, committed 119760K, reserved 1153024K
  class space    used 14657K, capacity 16025K, committed 16128K, reserved 1048576K
}
Event: 325.981 GC heap after
{Heap after GC invocations=38 (full 0):
 garbage-first heap   total 286720K, used 143202K [0x0000000080000000, 0x0000000100000000)
  region size 1024K, 3 young (3072K), 3 survivors (3072K)
 Metaspace       used 116045K, capacity 119475K, committed 119760K, reserved 1153024K
  class space    used 14657K, capacity 16025K, committed 16128K, reserved 1048576K
}
Event: 326.112 GC heap before
{Heap before GC invocations=38 (full 0):
 garbage-first heap   total 286720K, used 154466K [0x0000000080000000, 0x0000000100000000)
  region size 1024K, 14 young (14336K), 3 survivors (3072K)
 Metaspace       used 116938K, capacity 120343K, committed 120400K, reserved 1153024K
  class space    used 14839K, capacity 16206K, committed 16256K, reserved 1048576K
}

Deoptimization events (20 events):
Event: 325.995 Thread 0x000001f629caf800 Uncommon trap: trap_request=0xffffffc6 fr.pc=0x000001f610d5c7a0 relative=0x00000000000021a0
Event: 325.995 Thread 0x000001f629caf800 Uncommon trap: reason=bimorphic_or_optimized_type_check action=maybe_recompile pc=0x000001f610d5c7a0 method=java.util.zip.InflaterInputStream.read([BII)I @ 100 c2
Event: 325.995 Thread 0x000001f629caf800 DEOPT PACKING pc=0x000001f610d5c7a0 sp=0x00000082c68fd6a0
Event: 325.995 Thread 0x000001f629caf800 DEOPT UNPACKING pc=0x000001f60891a1af sp=0x00000082c68fd700 mode 2
Event: 325.995 Thread 0x000001f629caf800 Uncommon trap: trap_request=0xffffffc6 fr.pc=0x000001f610d5c7a0 relative=0x00000000000021a0
Event: 325.995 Thread 0x000001f629caf800 Uncommon trap: reason=bimorphic_or_optimized_type_check action=maybe_recompile pc=0x000001f610d5c7a0 method=java.util.zip.InflaterInputStream.read([BII)I @ 100 c2
Event: 325.995 Thread 0x000001f629caf800 DEOPT PACKING pc=0x000001f610d5c7a0 sp=0x00000082c68fd6a0
Event: 325.995 Thread 0x000001f629caf800 DEOPT UNPACKING pc=0x000001f60891a1af sp=0x00000082c68fd700 mode 2
Event: 326.006 Thread 0x000001f629cb6000 DEOPT PACKING pc=0x000001f60a110f5c sp=0x00000082c69febd0
Event: 326.006 Thread 0x000001f629cb6000 DEOPT UNPACKING pc=0x000001f60891a95e sp=0x00000082c69fe198 mode 0
Event: 326.059 Thread 0x000001f629cb5800 DEOPT PACKING pc=0x000001f60ab2e044 sp=0x00000082c67fd9a0
Event: 326.059 Thread 0x000001f629cb5800 DEOPT UNPACKING pc=0x000001f60891a95e sp=0x00000082c67fcf40 mode 0
Event: 326.064 Thread 0x000001f629cb5800 Uncommon trap: trap_request=0xffffff4d fr.pc=0x000001f610854b2c relative=0x000000000000038c
Event: 326.064 Thread 0x000001f629cb5800 Uncommon trap: reason=unstable_if action=reinterpret pc=0x000001f610854b2c method=java.util.stream.StreamOpFlag.getMask(I)I @ 1 c2
Event: 326.064 Thread 0x000001f629cb5800 DEOPT PACKING pc=0x000001f610854b2c sp=0x00000082c67fd250
Event: 326.064 Thread 0x000001f629cb5800 DEOPT UNPACKING pc=0x000001f60891a1af sp=0x00000082c67fd140 mode 2
Event: 326.079 Thread 0x000001f629cb5800 Uncommon trap: trap_request=0xffffff4d fr.pc=0x000001f6106f825c relative=0x00000000000000bc
Event: 326.079 Thread 0x000001f629cb5800 Uncommon trap: reason=unstable_if action=reinterpret pc=0x000001f6106f825c method=jdk.internal.misc.Unsafe.convEndian(ZS)S @ 4 c2
Event: 326.079 Thread 0x000001f629cb5800 DEOPT PACKING pc=0x000001f6106f825c sp=0x00000082c67fd560
Event: 326.079 Thread 0x000001f629cb5800 DEOPT UNPACKING pc=0x000001f60891a1af sp=0x00000082c67fd420 mode 2

Classes redefined (0 events):
No events

Internal exceptions (20 events):
Event: 325.577 Thread 0x000001f629cb6000 Exception <a 'java/lang/NoSuchMethodError'{0x000000008ef8a5e8}: 'void java.lang.invoke.DirectMethodHandle$Holder.invokeSpecial(java.lang.Object, java.lang.Object, int, java.lang.Object)'> (0x000000008ef8a5e8) thrown at [./src/hotspot/share/interpreter/linkResolver.cpp, line 773]
Event: 325.628 Thread 0x000001f629cb6000 Exception <a 'java/lang/NoSuchMethodError'{0x000000008ec5af78}: 'java.lang.Object java.lang.invoke.DirectMethodHandle$Holder.newInvokeSpecial(java.lang.Object, int)'> (0x000000008ec5af78) thrown at [./src/hotspot/share/interpreter/linkResolver.cpp, line 773]
Event: 325.629 Thread 0x000001f629cae800 Exception <a 'java/lang/NoSuchMethodError'{0x000000008edc7e48}: 'java.lang.Object java.lang.invoke.DirectMethodHandle$Holder.newInvokeSpecial(java.lang.Object, int)'> (0x000000008edc7e48) thrown at [./src/hotspot/share/interpreter/linkResolver.cpp, line 773]
Event: 325.711 Thread 0x000001f629cb6000 Exception <a 'java/lang/NoSuchMethodError'{0x000000008e8eea98}: 'long java.lang.invoke.DirectMethodHandle$Holder.invokeStatic(java.lang.Object, java.lang.Object)'> (0x000000008e8eea98) thrown at [./src/hotspot/share/interpreter/linkResolver.cpp, line 773]
Event: 325.812 Thread 0x000001f629cb6000 Exception <a 'java/lang/NoSuchMethodError'{0x000000008decf1e0}: 'java.lang.Object java.lang.invoke.Invokers$Holder.linkToTargetMethod(java.lang.Object, int, java.lang.Object, java.lang.Object, java.lang.Object, java.lang.Object)'> (0x000000008decf1e0) thrown at [./src/hotspot/share/interpreter/linkResolver.cpp, line 773]
Event: 325.812 Thread 0x000001f629cae800 Exception <a 'java/lang/NoSuchMethodError'{0x000000008dea7d20}: 'java.lang.Object java.lang.invoke.Invokers$Holder.linkToTargetMethod(java.lang.Object, int, java.lang.Object, java.lang.Object, java.lang.Object, java.lang.Object)'> (0x000000008dea7d20) thrown at [./src/hotspot/share/interpreter/linkResolver.cpp, line 773]
Event: 325.812 Thread 0x000001f629cae800 Exception <a 'java/lang/NoSuchMethodError'{0x000000008dee9758}: 'java.lang.Object java.lang.invoke.DirectMethodHandle$Holder.invokeStatic(java.lang.Object, java.lang.Object, java.lang.Object, java.lang.Object, int, java.lang.Object, java.lang.Object)'> (0x000000008dee9758) thrown at [./src/hotspot/share/interpreter/linkResolver.cpp, line 773]
Event: 325.812 Thread 0x000001f629cb6000 Exception <a 'java/lang/NoSuchMethodError'{0x000000008ded99e0}: 'java.lang.Object java.lang.invoke.DirectMethodHandle$Holder.invokeStatic(java.lang.Object, java.lang.Object, java.lang.Object, java.lang.Object, int, java.lang.Object, java.lang.Object)'> (0x000000008ded99e0) thrown at [./src/hotspot/share/interpreter/linkResolver.cpp, line 773]
Event: 325.813 Thread 0x000001f629cae800 Exception <a 'java/lang/NoSuchMethodError'{0x000000008def0d00}: 'java.lang.Object java.lang.invoke.Invokers$Holder.linkToTargetMethod(java.lang.Object, java.lang.Object, java.lang.Object, int, java.lang.Object, java.lang.Object, java.lang.Object)'> (0x000000008def0d00) thrown at [./src/hotspot/share/interpreter/linkResolver.cpp, line 773]
Event: 325.813 Thread 0x000001f629cb6000 Exception <a 'java/lang/NoSuchMethodError'{0x000000008defb998}: 'java.lang.Object java.lang.invoke.Invokers$Holder.linkToTargetMethod(java.lang.Object, java.lang.Object, java.lang.Object, int, java.lang.Object, java.lang.Object, java.lang.Object)'> (0x000000008defb998) thrown at [./src/hotspot/share/interpreter/linkResolver.cpp, line 773]
Event: 325.814 Thread 0x000001f629cb6000 Exception <a 'java/lang/NoSuchMethodError'{0x000000008dd0c420}: 'void java.lang.invoke.DirectMethodHandle$Holder.invokeStatic(java.lang.Object, java.lang.Object, java.lang.Object, java.lang.Object, java.lang.Object, java.lang.Object, java.lang.Object, java.lang.Object)'> (0x000000008dd0c420) thrown at [./src/hotspot/share/interpreter/linkResolver.cpp, line 773]
Event: 325.814 Thread 0x000001f629cae800 Exception <a 'java/lang/NoSuchMethodError'{0x000000008dd1b0b0}: 'void java.lang.invoke.DirectMethodHandle$Holder.invokeStatic(java.lang.Object, java.lang.Object, java.lang.Object, java.lang.Object, java.lang.Object, java.lang.Object, java.lang.Object, java.lang.Object)'> (0x000000008dd1b0b0) thrown at [./src/hotspot/share/interpreter/linkResolver.cpp, line 773]
Event: 325.837 Thread 0x000001f629cb6000 Exception <a 'java/lang/IncompatibleClassChangeError'{0x000000008dcfb2e8}: Found class java.lang.Object, but interface was expected> (0x000000008dcfb2e8) thrown at [./src/hotspot/share/interpreter/linkResolver.cpp, line 839]
Event: 325.857 Thread 0x000001f629cae800 Exception <a 'java/lang/NoSuchMethodError'{0x000000008daaf650}: 'void java.lang.invoke.DirectMethodHandle$Holder.invokeSpecial(java.lang.Object, java.lang.Object, int)'> (0x000000008daaf650) thrown at [./src/hotspot/share/interpreter/linkResolver.cpp, line 773]
Event: 325.866 Thread 0x000001f629cae800 Exception <a 'sun/nio/fs/WindowsException'{0x000000008d948bd0}> (0x000000008d948bd0) thrown at [./src/hotspot/share/prims/jni.cpp, line 616]
Event: 325.866 Thread 0x000001f629cb6000 Exception <a 'sun/nio/fs/WindowsException'{0x000000008d96fd78}> (0x000000008d96fd78) thrown at [./src/hotspot/share/prims/jni.cpp, line 616]
Event: 325.869 Thread 0x000001f629cb6000 Exception <a 'sun/nio/fs/WindowsException'{0x000000008d984da8}> (0x000000008d984da8) thrown at [./src/hotspot/share/prims/jni.cpp, line 616]
Event: 325.871 Thread 0x000001f629cae800 Exception <a 'sun/nio/fs/WindowsException'{0x000000008d950b28}> (0x000000008d950b28) thrown at [./src/hotspot/share/prims/jni.cpp, line 616]
Event: 325.960 Thread 0x000001f6291b3000 Exception <a 'java/lang/NoSuchMethodError'{0x000000008d7e4998}: <clinit>> (0x000000008d7e4998) thrown at [./src/hotspot/share/prims/jni.cpp, line 1366]
Event: 326.063 Thread 0x000001f629cb5800 Exception <a 'sun/nio/fs/WindowsException'{0x0000000090f26ba0}> (0x0000000090f26ba0) thrown at [./src/hotspot/share/prims/jni.cpp, line 616]

Events (20 events):
Event: 326.111 loading class com/android/tools/r8/code/u3 done
Event: 326.111 loading class com/android/tools/r8/code/c4
Event: 326.111 loading class com/android/tools/r8/code/c4 done
Event: 326.111 loading class com/android/tools/r8/code/N2
Event: 326.111 loading class com/android/tools/r8/code/N2 done
Event: 326.111 loading class com/android/tools/r8/code/r
Event: 326.111 loading class com/android/tools/r8/code/r done
Event: 326.111 loading class com/android/tools/r8/code/Z2
Event: 326.111 loading class com/android/tools/r8/code/Z2 done
Event: 326.111 loading class com/android/tools/r8/code/n0
Event: 326.111 loading class com/android/tools/r8/code/n0 done
Event: 326.112 loading class com/android/tools/r8/code/y2
Event: 326.112 loading class com/android/tools/r8/code/y2 done
Event: 326.112 loading class com/android/tools/r8/code/R3
Event: 326.112 loading class com/android/tools/r8/code/R3 done
Event: 326.112 loading class com/android/tools/r8/code/e
Event: 326.112 loading class com/android/tools/r8/code/e done
Event: 326.112 loading class com/android/tools/r8/code/W2
Event: 326.112 loading class com/android/tools/r8/code/W2 done
Event: 326.112 Executing VM operation: G1CollectForAllocation


Dynamic libraries:
0x00007ff68e5b0000 - 0x00007ff68e5ba000 	E:\AppImages\Android Projects\jre\bin\java.exe
0x00007ff90fb90000 - 0x00007ff90fd88000 	C:\Windows\SYSTEM32\ntdll.dll
0x00007ff90fa90000 - 0x00007ff90fb4f000 	C:\Windows\System32\KERNEL32.DLL
0x00007ff90d2d0000 - 0x00007ff90d5a2000 	C:\Windows\System32\KERNELBASE.dll
0x00007ff90ab80000 - 0x00007ff90ac11000 	C:\Windows\SYSTEM32\apphelp.dll
0x00007ff90d990000 - 0x00007ff90da90000 	C:\Windows\System32\ucrtbase.dll
0x00007ff9074d0000 - 0x00007ff9074e9000 	E:\AppImages\Android Projects\jre\bin\jli.dll
0x00007ff906700000 - 0x00007ff906717000 	E:\AppImages\Android Projects\jre\bin\VCRUNTIME140.dll
0x00007ff90f8e0000 - 0x00007ff90fa81000 	C:\Windows\System32\USER32.dll
0x00007ff8eeab0000 - 0x00007ff8eed4a000 	C:\Windows\WinSxS\amd64_microsoft.windows.common-controls_6595b64144ccf1df_6.0.19041.1110_none_60b5254171f9507e\COMCTL32.dll
0x00007ff90d8b0000 - 0x00007ff90d8d2000 	C:\Windows\System32\win32u.dll
0x00007ff90dd00000 - 0x00007ff90dd2b000 	C:\Windows\System32\GDI32.dll
0x00007ff90e200000 - 0x00007ff90e29e000 	C:\Windows\System32\msvcrt.dll
0x00007ff90dac0000 - 0x00007ff90dbcf000 	C:\Windows\System32\gdi32full.dll
0x00007ff90d7a0000 - 0x00007ff90d83d000 	C:\Windows\System32\msvcp_win.dll
0x00007ff90e2a0000 - 0x00007ff90e2d2000 	C:\Windows\System32\IMM32.DLL
0x00007ff906120000 - 0x00007ff9061bd000 	E:\AppImages\Android Projects\jre\bin\msvcp140.dll
0x00007ff8d41e0000 - 0x00007ff8d4ce2000 	E:\AppImages\Android Projects\jre\bin\server\jvm.dll
0x00007ff90f7d0000 - 0x00007ff90f87e000 	C:\Windows\System32\ADVAPI32.dll
0x00007ff90f1e0000 - 0x00007ff90f27c000 	C:\Windows\System32\sechost.dll
0x00007ff90f690000 - 0x00007ff90f7b5000 	C:\Windows\System32\RPCRT4.dll
0x00007ff90e2e0000 - 0x00007ff90e2e8000 	C:\Windows\System32\PSAPI.DLL
0x00007ff908df0000 - 0x00007ff908df9000 	C:\Windows\SYSTEM32\WSOCK32.dll
0x00007ff906ea0000 - 0x00007ff906eaa000 	C:\Windows\SYSTEM32\VERSION.dll
0x00007ff90ef90000 - 0x00007ff90effb000 	C:\Windows\System32\WS2_32.dll
0x00007ff8f5890000 - 0x00007ff8f58b7000 	C:\Windows\SYSTEM32\WINMM.dll
0x00007ff90b160000 - 0x00007ff90b172000 	C:\Windows\SYSTEM32\kernel.appcore.dll
0x00007ff908cb0000 - 0x00007ff908cc1000 	E:\AppImages\Android Projects\jre\bin\verify.dll
0x00007ff8f3500000 - 0x00007ff8f36e4000 	C:\Windows\SYSTEM32\DBGHELP.DLL
0x00007ff8f3700000 - 0x00007ff8f3735000 	C:\Windows\SYSTEM32\dbgcore.DLL
0x00007ff90d5b0000 - 0x00007ff90d632000 	C:\Windows\System32\bcryptPrimitives.dll
0x00007ff907d30000 - 0x00007ff907d59000 	E:\AppImages\Android Projects\jre\bin\java.dll
0x00007ff908ca0000 - 0x00007ff908cab000 	E:\AppImages\Android Projects\jre\bin\jimage.dll
0x00007ff907fd0000 - 0x00007ff907fe8000 	E:\AppImages\Android Projects\jre\bin\zip.dll
0x00007ff90e2f0000 - 0x00007ff90ea34000 	C:\Windows\System32\SHELL32.dll
0x00007ff90b360000 - 0x00007ff90baf2000 	C:\Windows\SYSTEM32\windows.storage.dll
0x00007ff90f330000 - 0x00007ff90f685000 	C:\Windows\System32\combase.dll
0x00007ff90cc00000 - 0x00007ff90cc30000 	C:\Windows\SYSTEM32\Wldp.dll
0x00007ff90f280000 - 0x00007ff90f32d000 	C:\Windows\System32\SHCORE.dll
0x00007ff90f880000 - 0x00007ff90f8d5000 	C:\Windows\System32\shlwapi.dll
0x00007ff90d1c0000 - 0x00007ff90d1df000 	C:\Windows\SYSTEM32\profapi.dll
0x00007ff907f60000 - 0x00007ff907f7a000 	E:\AppImages\Android Projects\jre\bin\net.dll
0x00007ff904180000 - 0x00007ff90428c000 	C:\Windows\SYSTEM32\WINHTTP.dll
0x00007ff90c960000 - 0x00007ff90c9ca000 	C:\Windows\system32\mswsock.dll
0x00007ff907ce0000 - 0x00007ff907cf4000 	E:\AppImages\Android Projects\jre\bin\nio.dll
0x00007ff901cf0000 - 0x00007ff901d17000 	C:\Users\hp\.gradle\native\e1d6ef7f7dcc3fd88c89a11ec53ec762bb8ba0a96d01ffa2cd45eb1d1d8dd5c5\windows-amd64\native-platform.dll
0x00007ff8fe7b0000 - 0x00007ff8fe8f4000 	C:\Users\hp\.gradle\native\5664cfc778a61ccfe75a443a1ab52a65af34e5dc3c78e0209fed803814484fcb\windows-amd64\native-platform-file-events.dll
0x00007ff907d20000 - 0x00007ff907d2a000 	E:\AppImages\Android Projects\jre\bin\management.dll
0x00007ff907c60000 - 0x00007ff907c6d000 	E:\AppImages\Android Projects\jre\bin\management_ext.dll
0x00007ff90cb50000 - 0x00007ff90cb68000 	C:\Windows\SYSTEM32\CRYPTSP.dll
0x00007ff90c280000 - 0x00007ff90c2b4000 	C:\Windows\system32\rsaenh.dll
0x00007ff90da90000 - 0x00007ff90dab7000 	C:\Windows\System32\bcrypt.dll
0x00007ff90d180000 - 0x00007ff90d1ae000 	C:\Windows\SYSTEM32\USERENV.dll
0x00007ff90cb70000 - 0x00007ff90cb7c000 	C:\Windows\SYSTEM32\CRYPTBASE.dll
0x00007ff90c650000 - 0x00007ff90c68b000 	C:\Windows\SYSTEM32\IPHLPAPI.DLL
0x00007ff90f7c0000 - 0x00007ff90f7c8000 	C:\Windows\System32\NSI.dll
0x00007ff905ac0000 - 0x00007ff905ad7000 	C:\Windows\SYSTEM32\dhcpcsvc6.DLL
0x00007ff905aa0000 - 0x00007ff905abd000 	C:\Windows\SYSTEM32\dhcpcsvc.DLL
0x00007ff90c690000 - 0x00007ff90c75a000 	C:\Windows\SYSTEM32\DNSAPI.dll

dbghelp: loaded successfully - version: 4.0.5 - missing functions: none
symbol engine: initialized successfully - sym options: 0x614 - pdb path: .;E:\AppImages\Android Projects\jre\bin;C:\Windows\SYSTEM32;C:\Windows\WinSxS\amd64_microsoft.windows.common-controls_6595b64144ccf1df_6.0.19041.1110_none_60b5254171f9507e;E:\AppImages\Android Projects\jre\bin\server;C:\Users\hp\.gradle\native\e1d6ef7f7dcc3fd88c89a11ec53ec762bb8ba0a96d01ffa2cd45eb1d1d8dd5c5\windows-amd64;C:\Users\hp\.gradle\native\5664cfc778a61ccfe75a443a1ab52a65af34e5dc3c78e0209fed803814484fcb\windows-amd64

VM Arguments:
jvm_args: --add-opens=java.base/java.util=ALL-UNNAMED --add-opens=java.base/java.lang=ALL-UNNAMED --add-opens=java.base/java.lang.invoke=ALL-UNNAMED --add-opens=java.base/java.util=ALL-UNNAMED --add-opens=java.prefs/java.util.prefs=ALL-UNNAMED --add-opens=java.prefs/java.util.prefs=ALL-UNNAMED --add-opens=java.base/java.nio.charset=ALL-UNNAMED --add-opens=java.base/java.net=ALL-UNNAMED --add-opens=java.base/java.util.concurrent.atomic=ALL-UNNAMED -Xmx2048m -Dfile.encoding=UTF-8 -Duser.country=US -Duser.language=en -Duser.variant 
java_command: org.gradle.launcher.daemon.bootstrap.GradleDaemon 7.3.3
java_class_path (initial): C:\Users\hp\.gradle\wrapper\dists\gradle-7.3.3-bin\6a41zxkdtcxs8rphpq6y0069z\gradle-7.3.3\lib\gradle-launcher-7.3.3.jar
Launcher Type: SUN_STANDARD

[Global flags]
     intx CICompilerCount                          = 3                                         {product} {ergonomic}
     uint ConcGCThreads                            = 1                                         {product} {ergonomic}
     uint G1ConcRefinementThreads                  = 4                                         {product} {ergonomic}
   size_t G1HeapRegionSize                         = 1048576                                   {product} {ergonomic}
    uintx GCDrainStackTargetSize                   = 64                                        {product} {ergonomic}
   size_t InitialHeapSize                          = 199229440                                 {product} {ergonomic}
   size_t MarkStackSize                            = 4194304                                   {product} {ergonomic}
   size_t MaxHeapSize                              = 2147483648                                {product} {command line}
   size_t MaxNewSize                               = 1287651328                                {product} {ergonomic}
   size_t MinHeapDeltaBytes                        = 1048576                                   {product} {ergonomic}
    uintx NonNMethodCodeHeapSize                   = 5830732                                {pd product} {ergonomic}
    uintx NonProfiledCodeHeapSize                  = 122913754                              {pd product} {ergonomic}
    uintx ProfiledCodeHeapSize                     = 122913754                              {pd product} {ergonomic}
    uintx ReservedCodeCacheSize                    = 251658240                              {pd product} {ergonomic}
     bool SegmentedCodeCache                       = true                                      {product} {ergonomic}
     bool UseCompressedClassPointers               = true                                 {lp64_product} {ergonomic}
     bool UseCompressedOops                        = true                                 {lp64_product} {ergonomic}
     bool UseG1GC                                  = true                                      {product} {ergonomic}
     bool UseLargePagesIndividualAllocation        = false                                  {pd product} {ergonomic}

Logging:
Log output configuration:
 #0: stdout all=warning uptime,level,tags
 #1: stderr all=off uptime,level,tags

Environment Variables:
JAVA_HOME=C:\Java\jdk-16.0.2\bin
PATH=C:\Windows\system32;C:\Windows;C:\Windows\System32\Wbem;C:\Windows\System32\WindowsPowerShell\v1.0\;C:\Windows\System32\OpenSSH\;C:\Java\jdk-16.0.2\bin;C:\Program Files\Git\cmd;C:\Users\hp\AppData\Local\Microsoft\WindowsApps;C:\xampp\php;C:\Users\hp\AppData\Local\ComposerSetup\bin;C:\Users\hp\AppData\Roaming\Composer\vendor\bin;C:\Users\hp\AppData\Local\Programs\Microsoft VS Code\bin;C:\src\flutter\bin
USERNAME=hp
OS=Windows_NT
PROCESSOR_IDENTIFIER=Intel64 Family 6 Model 158 Stepping 11, GenuineIntel



---------------  S Y S T E M  ---------------

OS: Windows 10 , 64 bit Build 19041 (10.0.19041.2364)
OS uptime: 0 days 7:02 hours

CPU:total 4 (initial active 4) (4 cores per cpu, 1 threads per core) family 6 model 158 stepping 11 microcode 0xca, cmov, cx8, fxsr, mmx, sse, sse2, sse3, ssse3, sse4.1, sse4.2, popcnt, avx, avx2, aes, clmul, erms, 3dnowpref, lzcnt, tsc, tscinvbit, bmi1, bmi2, adx, fma

Memory: 4k page, system-wide physical 12118M (488M free)
TotalPageFile size 14678M (AvailPageFile size 62M)
current process WorkingSet (physical memory assigned to process): 607M, peak: 608M
current process commit charge ("private bytes"): 632M, peak: 726M

vm_info: OpenJDK 64-Bit Server VM (11.0.13+0-b1751.21-8125866) for windows-amd64 JRE (11.0.13+0-b1751.21-8125866), built on Feb  2 2022 03:00:22 by "builder" with MS VC++ 14.0 (VS2015)

END.
